[fj023:1610018] MCW rank 4 bound to socket 0[core 0[hwt 0]], socket 0[core 1[hwt 0]], socket 0[core 2[hwt 0]], socket 0[core 3[hwt 0]], socket 0[core 4[hwt 0]], socket 0[core 5[hwt 0]]: [B/B/B/B/B/B/./././././.][./././././././././././.][./././././././././././.][./././././././././././.]
[fj023:1610018] MCW rank 5 bound to socket 1[core 12[hwt 0]], socket 1[core 13[hwt 0]], socket 1[core 14[hwt 0]], socket 1[core 15[hwt 0]], socket 1[core 16[hwt 0]], socket 1[core 17[hwt 0]]: [./././././././././././.][B/B/B/B/B/B/./././././.][./././././././././././.][./././././././././././.]
[fj022:1625019] MCW rank 0 bound to socket 0[core 0[hwt 0]], socket 0[core 1[hwt 0]], socket 0[core 2[hwt 0]], socket 0[core 3[hwt 0]], socket 0[core 4[hwt 0]], socket 0[core 5[hwt 0]]: [B/B/B/B/B/B/./././././.][./././././././././././.][./././././././././././.][./././././././././././.]
[fj022:1625019] MCW rank 1 bound to socket 1[core 12[hwt 0]], socket 1[core 13[hwt 0]], socket 1[core 14[hwt 0]], socket 1[core 15[hwt 0]], socket 1[core 16[hwt 0]], socket 1[core 17[hwt 0]]: [./././././././././././.][B/B/B/B/B/B/./././././.][./././././././././././.][./././././././././././.]
[fj022:1625019] MCW rank 2 bound to socket 2[core 24[hwt 0]], socket 2[core 25[hwt 0]], socket 2[core 26[hwt 0]], socket 2[core 27[hwt 0]], socket 2[core 28[hwt 0]], socket 2[core 29[hwt 0]]: [./././././././././././.][./././././././././././.][B/B/B/B/B/B/./././././.][./././././././././././.]
[fj022:1625019] MCW rank 3 bound to socket 3[core 36[hwt 0]], socket 3[core 37[hwt 0]], socket 3[core 38[hwt 0]], socket 3[core 39[hwt 0]], socket 3[core 40[hwt 0]], socket 3[core 41[hwt 0]]: [./././././././././././.][./././././././././././.][./././././././././././.][B/B/B/B/B/B/./././././.]
[fj023:1610018] MCW rank 6 bound to socket 2[core 24[hwt 0]], socket 2[core 25[hwt 0]], socket 2[core 26[hwt 0]], socket 2[core 27[hwt 0]], socket 2[core 28[hwt 0]], socket 2[core 29[hwt 0]]: [./././././././././././.][./././././././././././.][B/B/B/B/B/B/./././././.][./././././././././././.]
[fj023:1610018] MCW rank 7 bound to socket 3[core 36[hwt 0]], socket 3[core 37[hwt 0]], socket 3[core 38[hwt 0]], socket 3[core 39[hwt 0]], socket 3[core 40[hwt 0]], socket 3[core 41[hwt 0]]: [./././././././././././.][./././././././././././.][./././././././././././.][B/B/B/B/B/B/./././././.]
./xhpcg: /lib64/libstdc++.so.6: version `GLIBCXX_3.4.29' not found (required by ./xhpcg)
./xhpcg: /lib64/libstdc++.so.6: version `GLIBCXX_3.4.29' not found (required by ./xhpcg)
./xhpcg: /lib64/libstdc++.so.6: version `GLIBCXX_3.4.29' not found (required by ./xhpcg)
./xhpcg: /lib64/libstdc++.so.6: version `GLIBCXX_3.4.29' not found (required by ./xhpcg)
./xhpcg: /lib64/libstdc++.so.6: version `GLIBCXX_3.4.29' not found (required by ./xhpcg)
./xhpcg: /lib64/libstdc++.so.6: version `GLIBCXX_3.4.29' not found (required by ./xhpcg)
./xhpcg: /lib64/libstdc++.so.6: version `GLIBCXX_3.4.29' not found (required by ./xhpcg)
./xhpcg: /lib64/libstdc++.so.6: version `GLIBCXX_3.4.29' not found (required by ./xhpcg)
--------------------------------------------------------------------------
[mpi::errmgr-base::normal-termination-but]
Primary job  terminated normally, but 1 process returned
a non-zero exit code. Per user-direction, the job has been aborted.
--------------------------------------------------------------------------
--------------------------------------------------------------------------
[mpi::orterun::orterun:non-zero-exit]
mpirun detected that one or more processes exited with non-zero status, thus causing
the job to be terminated. The first process to do so was:

  Process name: [[44602,1],4]
  Exit code:    1
--------------------------------------------------------------------------
