[qp4-node-062:125452] MCW rank 3 bound to socket 3[core 36[hwt 0]], socket 3[core 37[hwt 0]], socket 3[core 38[hwt 0]], socket 3[core 39[hwt 0]], socket 3[core 40[hwt 0]], socket 3[core 41[hwt 0]], socket 3[core 42[hwt 0]], socket 3[core 43[hwt 0]], socket 3[core 44[hwt 0]], socket 3[core 45[hwt 0]], socket 3[core 46[hwt 0]], socket 3[core 47[hwt 0]]: [./././././././././././.][./././././././././././.][./././././././././././.][B/B/B/B/B/B/B/B/B/B/B/B]
[qp4-node-062:125452] MCW rank 0 bound to socket 0[core 0[hwt 0]], socket 0[core 1[hwt 0]], socket 0[core 2[hwt 0]], socket 0[core 3[hwt 0]], socket 0[core 4[hwt 0]], socket 0[core 5[hwt 0]], socket 0[core 6[hwt 0]], socket 0[core 7[hwt 0]], socket 0[core 8[hwt 0]], socket 0[core 9[hwt 0]], socket 0[core 10[hwt 0]], socket 0[core 11[hwt 0]]: [B/B/B/B/B/B/B/B/B/B/B/B][./././././././././././.][./././././././././././.][./././././././././././.]
[qp4-node-062:125452] MCW rank 1 bound to socket 1[core 12[hwt 0]], socket 1[core 13[hwt 0]], socket 1[core 14[hwt 0]], socket 1[core 15[hwt 0]], socket 1[core 16[hwt 0]], socket 1[core 17[hwt 0]], socket 1[core 18[hwt 0]], socket 1[core 19[hwt 0]], socket 1[core 20[hwt 0]], socket 1[core 21[hwt 0]], socket 1[core 22[hwt 0]], socket 1[core 23[hwt 0]]: [./././././././././././.][B/B/B/B/B/B/B/B/B/B/B/B][./././././././././././.][./././././././././././.]
[qp4-node-062:125452] MCW rank 2 bound to socket 2[core 24[hwt 0]], socket 2[core 25[hwt 0]], socket 2[core 26[hwt 0]], socket 2[core 27[hwt 0]], socket 2[core 28[hwt 0]], socket 2[core 29[hwt 0]], socket 2[core 30[hwt 0]], socket 2[core 31[hwt 0]], socket 2[core 32[hwt 0]], socket 2[core 33[hwt 0]], socket 2[core 34[hwt 0]], socket 2[core 35[hwt 0]]: [./././././././././././.][./././././././././././.][B/B/B/B/B/B/B/B/B/B/B/B][./././././././././././.]
[qp4-node-064:98669] MCW rank 8 bound to socket 0[core 0[hwt 0]], socket 0[core 1[hwt 0]], socket 0[core 2[hwt 0]], socket 0[core 3[hwt 0]], socket 0[core 4[hwt 0]], socket 0[core 5[hwt 0]], socket 0[core 6[hwt 0]], socket 0[core 7[hwt 0]], socket 0[core 8[hwt 0]], socket 0[core 9[hwt 0]], socket 0[core 10[hwt 0]], socket 0[core 11[hwt 0]]: [B/B/B/B/B/B/B/B/B/B/B/B][./././././././././././.][./././././././././././.][./././././././././././.]
[qp4-node-063:101991] MCW rank 6 bound to socket 2[core 24[hwt 0]], socket 2[core 25[hwt 0]], socket 2[core 26[hwt 0]], socket 2[core 27[hwt 0]], socket 2[core 28[hwt 0]], socket 2[core 29[hwt 0]], socket 2[core 30[hwt 0]], socket 2[core 31[hwt 0]], socket 2[core 32[hwt 0]], socket 2[core 33[hwt 0]], socket 2[core 34[hwt 0]], socket 2[core 35[hwt 0]]: [./././././././././././.][./././././././././././.][B/B/B/B/B/B/B/B/B/B/B/B][./././././././././././.]
[qp4-node-063:101991] MCW rank 7 bound to socket 3[core 36[hwt 0]], socket 3[core 37[hwt 0]], socket 3[core 38[hwt 0]], socket 3[core 39[hwt 0]], socket 3[core 40[hwt 0]], socket 3[core 41[hwt 0]], socket 3[core 42[hwt 0]], socket 3[core 43[hwt 0]], socket 3[core 44[hwt 0]], socket 3[core 45[hwt 0]], socket 3[core 46[hwt 0]], socket 3[core 47[hwt 0]]: [./././././././././././.][./././././././././././.][./././././././././././.][B/B/B/B/B/B/B/B/B/B/B/B]
[qp4-node-064:98669] MCW rank 9 bound to socket 1[core 12[hwt 0]], socket 1[core 13[hwt 0]], socket 1[core 14[hwt 0]], socket 1[core 15[hwt 0]], socket 1[core 16[hwt 0]], socket 1[core 17[hwt 0]], socket 1[core 18[hwt 0]], socket 1[core 19[hwt 0]], socket 1[core 20[hwt 0]], socket 1[core 21[hwt 0]], socket 1[core 22[hwt 0]], socket 1[core 23[hwt 0]]: [./././././././././././.][B/B/B/B/B/B/B/B/B/B/B/B][./././././././././././.][./././././././././././.]
[qp4-node-063:101991] MCW rank 4 bound to socket 0[core 0[hwt 0]], socket 0[core 1[hwt 0]], socket 0[core 2[hwt 0]], socket 0[core 3[hwt 0]], socket 0[core 4[hwt 0]], socket 0[core 5[hwt 0]], socket 0[core 6[hwt 0]], socket 0[core 7[hwt 0]], socket 0[core 8[hwt 0]], socket 0[core 9[hwt 0]], socket 0[core 10[hwt 0]], socket 0[core 11[hwt 0]]: [B/B/B/B/B/B/B/B/B/B/B/B][./././././././././././.][./././././././././././.][./././././././././././.]
[qp4-node-063:101991] MCW rank 5 bound to socket 1[core 12[hwt 0]], socket 1[core 13[hwt 0]], socket 1[core 14[hwt 0]], socket 1[core 15[hwt 0]], socket 1[core 16[hwt 0]], socket 1[core 17[hwt 0]], socket 1[core 18[hwt 0]], socket 1[core 19[hwt 0]], socket 1[core 20[hwt 0]], socket 1[core 21[hwt 0]], socket 1[core 22[hwt 0]], socket 1[core 23[hwt 0]]: [./././././././././././.][B/B/B/B/B/B/B/B/B/B/B/B][./././././././././././.][./././././././././././.]
[qp4-node-064:98669] MCW rank 10 bound to socket 2[core 24[hwt 0]], socket 2[core 25[hwt 0]], socket 2[core 26[hwt 0]], socket 2[core 27[hwt 0]], socket 2[core 28[hwt 0]], socket 2[core 29[hwt 0]], socket 2[core 30[hwt 0]], socket 2[core 31[hwt 0]], socket 2[core 32[hwt 0]], socket 2[core 33[hwt 0]], socket 2[core 34[hwt 0]], socket 2[core 35[hwt 0]]: [./././././././././././.][./././././././././././.][B/B/B/B/B/B/B/B/B/B/B/B][./././././././././././.]
[qp4-node-064:98669] MCW rank 11 bound to socket 3[core 36[hwt 0]], socket 3[core 37[hwt 0]], socket 3[core 38[hwt 0]], socket 3[core 39[hwt 0]], socket 3[core 40[hwt 0]], socket 3[core 41[hwt 0]], socket 3[core 42[hwt 0]], socket 3[core 43[hwt 0]], socket 3[core 44[hwt 0]], socket 3[core 45[hwt 0]], socket 3[core 46[hwt 0]], socket 3[core 47[hwt 0]]: [./././././././././././.][./././././././././././.][./././././././././././.][B/B/B/B/B/B/B/B/B/B/B/B]
[qp4-node-062:125468:0:125474] Caught signal 11 (Segmentation fault: address not mapped to object at address 0x400001109800)
[qp4-node-063:101997:0:102005] Caught signal 11 (Segmentation fault: address not mapped to object at address 0x400001109800)
[qp4-node-063:102001:0:102006] Caught signal 11 (Segmentation fault: address not mapped to object at address 0x400001109800)
[qp4-node-064:98679:0:98682] Caught signal 11 (Segmentation fault: address not mapped to object at address 0x400001109800)
[qp4-node-064:98675:0:98683] Caught signal 11 (Segmentation fault: address not mapped to object at address 0x400001109800)
[qp4-node-062:125472:0:125476] Caught signal 11 (Segmentation fault: address not mapped to object at address 0x400001109800)
[qp4-node-062:125473:0:125478] Caught signal 11 (Segmentation fault: address not mapped to object at address 0x400001109800)
[qp4-node-062:125471:0:125475] Caught signal 11 (Segmentation fault: address not mapped to object at address 0x400001109800)
[qp4-node-063:102003:0:102008] Caught signal 11 (Segmentation fault: address not mapped to object at address 0x400001109800)
[qp4-node-063:102002:0:102007] Caught signal 11 (Segmentation fault: address not mapped to object at address 0x400001109800)
[qp4-node-064:98680:0:98684] Caught signal 11 (Segmentation fault: address not mapped to object at address 0x400001109800)
[qp4-node-064:98681:0:98685] Caught signal 11 (Segmentation fault: address not mapped to object at address 0x400001109800)
--------------------------------------------------------------------------
Primary job  terminated normally, but 1 process returned
a non-zero exit code. Per user-direction, the job has been aborted.
--------------------------------------------------------------------------
--------------------------------------------------------------------------
mpirun noticed that process rank 11 with PID 98681 on node qp4-node-064 exited on signal 11 (Segmentation fault).
--------------------------------------------------------------------------
2 total processes killed (some possibly by mpirun during cleanup)
