[qp4-node-054:127267] MCW rank 0 bound to socket 0[core 0[hwt 0]], socket 0[core 1[hwt 0]], socket 0[core 2[hwt 0]], socket 0[core 3[hwt 0]], socket 0[core 4[hwt 0]], socket 0[core 5[hwt 0]], socket 0[core 6[hwt 0]], socket 0[core 7[hwt 0]], socket 0[core 8[hwt 0]], socket 0[core 9[hwt 0]], socket 0[core 10[hwt 0]], socket 0[core 11[hwt 0]]: [B/B/B/B/B/B/B/B/B/B/B/B][./././././././././././.][./././././././././././.][./././././././././././.]
[qp4-node-054:127267] MCW rank 1 bound to socket 1[core 12[hwt 0]], socket 1[core 13[hwt 0]], socket 1[core 14[hwt 0]], socket 1[core 15[hwt 0]], socket 1[core 16[hwt 0]], socket 1[core 17[hwt 0]], socket 1[core 18[hwt 0]], socket 1[core 19[hwt 0]], socket 1[core 20[hwt 0]], socket 1[core 21[hwt 0]], socket 1[core 22[hwt 0]], socket 1[core 23[hwt 0]]: [./././././././././././.][B/B/B/B/B/B/B/B/B/B/B/B][./././././././././././.][./././././././././././.]
[qp4-node-058:104162] MCW rank 6 bound to socket 0[core 0[hwt 0]], socket 0[core 1[hwt 0]], socket 0[core 2[hwt 0]], socket 0[core 3[hwt 0]], socket 0[core 4[hwt 0]], socket 0[core 5[hwt 0]], socket 0[core 6[hwt 0]], socket 0[core 7[hwt 0]], socket 0[core 8[hwt 0]], socket 0[core 9[hwt 0]], socket 0[core 10[hwt 0]], socket 0[core 11[hwt 0]]: [B/B/B/B/B/B/B/B/B/B/B/B][./././././././././././.][./././././././././././.][./././././././././././.]
[qp4-node-056:302554] MCW rank 2 bound to socket 0[core 0[hwt 0]], socket 0[core 1[hwt 0]], socket 0[core 2[hwt 0]], socket 0[core 3[hwt 0]], socket 0[core 4[hwt 0]], socket 0[core 5[hwt 0]], socket 0[core 6[hwt 0]], socket 0[core 7[hwt 0]], socket 0[core 8[hwt 0]], socket 0[core 9[hwt 0]], socket 0[core 10[hwt 0]], socket 0[core 11[hwt 0]]: [B/B/B/B/B/B/B/B/B/B/B/B][./././././././././././.][./././././././././././.][./././././././././././.]
[qp4-node-057:287737] MCW rank 4 bound to socket 0[core 0[hwt 0]], socket 0[core 1[hwt 0]], socket 0[core 2[hwt 0]], socket 0[core 3[hwt 0]], socket 0[core 4[hwt 0]], socket 0[core 5[hwt 0]], socket 0[core 6[hwt 0]], socket 0[core 7[hwt 0]], socket 0[core 8[hwt 0]], socket 0[core 9[hwt 0]], socket 0[core 10[hwt 0]], socket 0[core 11[hwt 0]]: [B/B/B/B/B/B/B/B/B/B/B/B][./././././././././././.][./././././././././././.][./././././././././././.]
[qp4-node-057:287737] MCW rank 5 bound to socket 1[core 12[hwt 0]], socket 1[core 13[hwt 0]], socket 1[core 14[hwt 0]], socket 1[core 15[hwt 0]], socket 1[core 16[hwt 0]], socket 1[core 17[hwt 0]], socket 1[core 18[hwt 0]], socket 1[core 19[hwt 0]], socket 1[core 20[hwt 0]], socket 1[core 21[hwt 0]], socket 1[core 22[hwt 0]], socket 1[core 23[hwt 0]]: [./././././././././././.][B/B/B/B/B/B/B/B/B/B/B/B][./././././././././././.][./././././././././././.]
[qp4-node-059:148923] MCW rank 8 bound to socket 0[core 0[hwt 0]], socket 0[core 1[hwt 0]], socket 0[core 2[hwt 0]], socket 0[core 3[hwt 0]], socket 0[core 4[hwt 0]], socket 0[core 5[hwt 0]], socket 0[core 6[hwt 0]], socket 0[core 7[hwt 0]], socket 0[core 8[hwt 0]], socket 0[core 9[hwt 0]], socket 0[core 10[hwt 0]], socket 0[core 11[hwt 0]]: [B/B/B/B/B/B/B/B/B/B/B/B][./././././././././././.][./././././././././././.][./././././././././././.]
[qp4-node-056:302554] MCW rank 3 bound to socket 1[core 12[hwt 0]], socket 1[core 13[hwt 0]], socket 1[core 14[hwt 0]], socket 1[core 15[hwt 0]], socket 1[core 16[hwt 0]], socket 1[core 17[hwt 0]], socket 1[core 18[hwt 0]], socket 1[core 19[hwt 0]], socket 1[core 20[hwt 0]], socket 1[core 21[hwt 0]], socket 1[core 22[hwt 0]], socket 1[core 23[hwt 0]]: [./././././././././././.][B/B/B/B/B/B/B/B/B/B/B/B][./././././././././././.][./././././././././././.]
[qp4-node-058:104162] MCW rank 7 bound to socket 1[core 12[hwt 0]], socket 1[core 13[hwt 0]], socket 1[core 14[hwt 0]], socket 1[core 15[hwt 0]], socket 1[core 16[hwt 0]], socket 1[core 17[hwt 0]], socket 1[core 18[hwt 0]], socket 1[core 19[hwt 0]], socket 1[core 20[hwt 0]], socket 1[core 21[hwt 0]], socket 1[core 22[hwt 0]], socket 1[core 23[hwt 0]]: [./././././././././././.][B/B/B/B/B/B/B/B/B/B/B/B][./././././././././././.][./././././././././././.]
[qp4-node-059:148923] MCW rank 9 bound to socket 1[core 12[hwt 0]], socket 1[core 13[hwt 0]], socket 1[core 14[hwt 0]], socket 1[core 15[hwt 0]], socket 1[core 16[hwt 0]], socket 1[core 17[hwt 0]], socket 1[core 18[hwt 0]], socket 1[core 19[hwt 0]], socket 1[core 20[hwt 0]], socket 1[core 21[hwt 0]], socket 1[core 22[hwt 0]], socket 1[core 23[hwt 0]]: [./././././././././././.][B/B/B/B/B/B/B/B/B/B/B/B][./././././././././././.][./././././././././././.]
[qp4-node-059:148929:0:148934] Caught signal 11 (Segmentation fault: address not mapped to object at address 0x400001109800)
[qp4-node-059:148933:0:148935] Caught signal 11 (Segmentation fault: address not mapped to object at address 0x400001109800)
[qp4-node-056:302564:0:302565] Caught signal 11 (Segmentation fault: address not mapped to object at address 0x400001109800)
[qp4-node-056:302560:0:302566] Caught signal 11 (Segmentation fault: address not mapped to object at address 0x400001109800)
[qp4-node-057:287747:0:287748] Caught signal 11 (Segmentation fault: address not mapped to object at address 0x400001109800)
[qp4-node-057:287743:0:287749] Caught signal 11 (Segmentation fault: address not mapped to object at address 0x400001109800)
[qp4-node-058:104172:0:104173] Caught signal 11 (Segmentation fault: address not mapped to object at address 0x400001109800)
[qp4-node-054:127288:0:127290] Caught signal 11 (Segmentation fault: address not mapped to object at address 0x400001109800)
[qp4-node-058:104168:0:104174] Caught signal 11 (Segmentation fault: address not mapped to object at address 0x400001109800)
--------------------------------------------------------------------------
Primary job  terminated normally, but 1 process returned
a non-zero exit code. Per user-direction, the job has been aborted.
--------------------------------------------------------------------------
--------------------------------------------------------------------------
mpirun noticed that process rank 2 with PID 302560 on node qp4-node-056 exited on signal 11 (Segmentation fault).
--------------------------------------------------------------------------
4 total processes killed (some possibly by mpirun during cleanup)
