[qp4-node-060:135884] MCW rank 1 bound to socket 1[core 12[hwt 0]], socket 1[core 13[hwt 0]], socket 1[core 14[hwt 0]], socket 1[core 15[hwt 0]], socket 1[core 16[hwt 0]], socket 1[core 17[hwt 0]], socket 1[core 18[hwt 0]], socket 1[core 19[hwt 0]], socket 1[core 20[hwt 0]], socket 1[core 21[hwt 0]], socket 1[core 22[hwt 0]], socket 1[core 23[hwt 0]]: [./././././././././././.][B/B/B/B/B/B/B/B/B/B/B/B][./././././././././././.][./././././././././././.]
[qp4-node-060:135884] MCW rank 2 bound to socket 2[core 24[hwt 0]], socket 2[core 25[hwt 0]], socket 2[core 26[hwt 0]], socket 2[core 27[hwt 0]], socket 2[core 28[hwt 0]], socket 2[core 29[hwt 0]], socket 2[core 30[hwt 0]], socket 2[core 31[hwt 0]], socket 2[core 32[hwt 0]], socket 2[core 33[hwt 0]], socket 2[core 34[hwt 0]], socket 2[core 35[hwt 0]]: [./././././././././././.][./././././././././././.][B/B/B/B/B/B/B/B/B/B/B/B][./././././././././././.]
[qp4-node-060:135884] MCW rank 3 bound to socket 3[core 36[hwt 0]], socket 3[core 37[hwt 0]], socket 3[core 38[hwt 0]], socket 3[core 39[hwt 0]], socket 3[core 40[hwt 0]], socket 3[core 41[hwt 0]], socket 3[core 42[hwt 0]], socket 3[core 43[hwt 0]], socket 3[core 44[hwt 0]], socket 3[core 45[hwt 0]], socket 3[core 46[hwt 0]], socket 3[core 47[hwt 0]]: [./././././././././././.][./././././././././././.][./././././././././././.][B/B/B/B/B/B/B/B/B/B/B/B]
[qp4-node-060:135884] MCW rank 0 bound to socket 0[core 0[hwt 0]], socket 0[core 1[hwt 0]], socket 0[core 2[hwt 0]], socket 0[core 3[hwt 0]], socket 0[core 4[hwt 0]], socket 0[core 5[hwt 0]], socket 0[core 6[hwt 0]], socket 0[core 7[hwt 0]], socket 0[core 8[hwt 0]], socket 0[core 9[hwt 0]], socket 0[core 10[hwt 0]], socket 0[core 11[hwt 0]]: [B/B/B/B/B/B/B/B/B/B/B/B][./././././././././././.][./././././././././././.][./././././././././././.]
[qp4-node-061:137634] MCW rank 6 bound to socket 2[core 24[hwt 0]], socket 2[core 25[hwt 0]], socket 2[core 26[hwt 0]], socket 2[core 27[hwt 0]], socket 2[core 28[hwt 0]], socket 2[core 29[hwt 0]], socket 2[core 30[hwt 0]], socket 2[core 31[hwt 0]], socket 2[core 32[hwt 0]], socket 2[core 33[hwt 0]], socket 2[core 34[hwt 0]], socket 2[core 35[hwt 0]]: [./././././././././././.][./././././././././././.][B/B/B/B/B/B/B/B/B/B/B/B][./././././././././././.]
[qp4-node-061:137634] MCW rank 7 bound to socket 3[core 36[hwt 0]], socket 3[core 37[hwt 0]], socket 3[core 38[hwt 0]], socket 3[core 39[hwt 0]], socket 3[core 40[hwt 0]], socket 3[core 41[hwt 0]], socket 3[core 42[hwt 0]], socket 3[core 43[hwt 0]], socket 3[core 44[hwt 0]], socket 3[core 45[hwt 0]], socket 3[core 46[hwt 0]], socket 3[core 47[hwt 0]]: [./././././././././././.][./././././././././././.][./././././././././././.][B/B/B/B/B/B/B/B/B/B/B/B]
[qp4-node-061:137634] MCW rank 4 bound to socket 0[core 0[hwt 0]], socket 0[core 1[hwt 0]], socket 0[core 2[hwt 0]], socket 0[core 3[hwt 0]], socket 0[core 4[hwt 0]], socket 0[core 5[hwt 0]], socket 0[core 6[hwt 0]], socket 0[core 7[hwt 0]], socket 0[core 8[hwt 0]], socket 0[core 9[hwt 0]], socket 0[core 10[hwt 0]], socket 0[core 11[hwt 0]]: [B/B/B/B/B/B/B/B/B/B/B/B][./././././././././././.][./././././././././././.][./././././././././././.]
[qp4-node-061:137634] MCW rank 5 bound to socket 1[core 12[hwt 0]], socket 1[core 13[hwt 0]], socket 1[core 14[hwt 0]], socket 1[core 15[hwt 0]], socket 1[core 16[hwt 0]], socket 1[core 17[hwt 0]], socket 1[core 18[hwt 0]], socket 1[core 19[hwt 0]], socket 1[core 20[hwt 0]], socket 1[core 21[hwt 0]], socket 1[core 22[hwt 0]], socket 1[core 23[hwt 0]]: [./././././././././././.][B/B/B/B/B/B/B/B/B/B/B/B][./././././././././././.][./././././././././././.]
[qp4-node-062:113083] MCW rank 9 bound to socket 1[core 12[hwt 0]], socket 1[core 13[hwt 0]], socket 1[core 14[hwt 0]], socket 1[core 15[hwt 0]], socket 1[core 16[hwt 0]], socket 1[core 17[hwt 0]], socket 1[core 18[hwt 0]], socket 1[core 19[hwt 0]], socket 1[core 20[hwt 0]], socket 1[core 21[hwt 0]], socket 1[core 22[hwt 0]], socket 1[core 23[hwt 0]]: [./././././././././././.][B/B/B/B/B/B/B/B/B/B/B/B][./././././././././././.][./././././././././././.]
[qp4-node-062:113083] MCW rank 10 bound to socket 2[core 24[hwt 0]], socket 2[core 25[hwt 0]], socket 2[core 26[hwt 0]], socket 2[core 27[hwt 0]], socket 2[core 28[hwt 0]], socket 2[core 29[hwt 0]], socket 2[core 30[hwt 0]], socket 2[core 31[hwt 0]], socket 2[core 32[hwt 0]], socket 2[core 33[hwt 0]], socket 2[core 34[hwt 0]], socket 2[core 35[hwt 0]]: [./././././././././././.][./././././././././././.][B/B/B/B/B/B/B/B/B/B/B/B][./././././././././././.]
[qp4-node-062:113083] MCW rank 11 bound to socket 3[core 36[hwt 0]], socket 3[core 37[hwt 0]], socket 3[core 38[hwt 0]], socket 3[core 39[hwt 0]], socket 3[core 40[hwt 0]], socket 3[core 41[hwt 0]], socket 3[core 42[hwt 0]], socket 3[core 43[hwt 0]], socket 3[core 44[hwt 0]], socket 3[core 45[hwt 0]], socket 3[core 46[hwt 0]], socket 3[core 47[hwt 0]]: [./././././././././././.][./././././././././././.][./././././././././././.][B/B/B/B/B/B/B/B/B/B/B/B]
[qp4-node-062:113083] MCW rank 8 bound to socket 0[core 0[hwt 0]], socket 0[core 1[hwt 0]], socket 0[core 2[hwt 0]], socket 0[core 3[hwt 0]], socket 0[core 4[hwt 0]], socket 0[core 5[hwt 0]], socket 0[core 6[hwt 0]], socket 0[core 7[hwt 0]], socket 0[core 8[hwt 0]], socket 0[core 9[hwt 0]], socket 0[core 10[hwt 0]], socket 0[core 11[hwt 0]]: [B/B/B/B/B/B/B/B/B/B/B/B][./././././././././././.][./././././././././././.][./././././././././././.]
[qp4-node-064:89580] MCW rank 19 bound to socket 3[core 36[hwt 0]], socket 3[core 37[hwt 0]], socket 3[core 38[hwt 0]], socket 3[core 39[hwt 0]], socket 3[core 40[hwt 0]], socket 3[core 41[hwt 0]], socket 3[core 42[hwt 0]], socket 3[core 43[hwt 0]], socket 3[core 44[hwt 0]], socket 3[core 45[hwt 0]], socket 3[core 46[hwt 0]], socket 3[core 47[hwt 0]]: [./././././././././././.][./././././././././././.][./././././././././././.][B/B/B/B/B/B/B/B/B/B/B/B]
[qp4-node-064:89580] MCW rank 16 bound to socket 0[core 0[hwt 0]], socket 0[core 1[hwt 0]], socket 0[core 2[hwt 0]], socket 0[core 3[hwt 0]], socket 0[core 4[hwt 0]], socket 0[core 5[hwt 0]], socket 0[core 6[hwt 0]], socket 0[core 7[hwt 0]], socket 0[core 8[hwt 0]], socket 0[core 9[hwt 0]], socket 0[core 10[hwt 0]], socket 0[core 11[hwt 0]]: [B/B/B/B/B/B/B/B/B/B/B/B][./././././././././././.][./././././././././././.][./././././././././././.]
[qp4-node-064:89580] MCW rank 17 bound to socket 1[core 12[hwt 0]], socket 1[core 13[hwt 0]], socket 1[core 14[hwt 0]], socket 1[core 15[hwt 0]], socket 1[core 16[hwt 0]], socket 1[core 17[hwt 0]], socket 1[core 18[hwt 0]], socket 1[core 19[hwt 0]], socket 1[core 20[hwt 0]], socket 1[core 21[hwt 0]], socket 1[core 22[hwt 0]], socket 1[core 23[hwt 0]]: [./././././././././././.][B/B/B/B/B/B/B/B/B/B/B/B][./././././././././././.][./././././././././././.]
[qp4-node-064:89580] MCW rank 18 bound to socket 2[core 24[hwt 0]], socket 2[core 25[hwt 0]], socket 2[core 26[hwt 0]], socket 2[core 27[hwt 0]], socket 2[core 28[hwt 0]], socket 2[core 29[hwt 0]], socket 2[core 30[hwt 0]], socket 2[core 31[hwt 0]], socket 2[core 32[hwt 0]], socket 2[core 33[hwt 0]], socket 2[core 34[hwt 0]], socket 2[core 35[hwt 0]]: [./././././././././././.][./././././././././././.][B/B/B/B/B/B/B/B/B/B/B/B][./././././././././././.]
[qp4-node-063:91627] MCW rank 12 bound to socket 0[core 0[hwt 0]], socket 0[core 1[hwt 0]], socket 0[core 2[hwt 0]], socket 0[core 3[hwt 0]], socket 0[core 4[hwt 0]], socket 0[core 5[hwt 0]], socket 0[core 6[hwt 0]], socket 0[core 7[hwt 0]], socket 0[core 8[hwt 0]], socket 0[core 9[hwt 0]], socket 0[core 10[hwt 0]], socket 0[core 11[hwt 0]]: [B/B/B/B/B/B/B/B/B/B/B/B][./././././././././././.][./././././././././././.][./././././././././././.]
[qp4-node-063:91627] MCW rank 13 bound to socket 1[core 12[hwt 0]], socket 1[core 13[hwt 0]], socket 1[core 14[hwt 0]], socket 1[core 15[hwt 0]], socket 1[core 16[hwt 0]], socket 1[core 17[hwt 0]], socket 1[core 18[hwt 0]], socket 1[core 19[hwt 0]], socket 1[core 20[hwt 0]], socket 1[core 21[hwt 0]], socket 1[core 22[hwt 0]], socket 1[core 23[hwt 0]]: [./././././././././././.][B/B/B/B/B/B/B/B/B/B/B/B][./././././././././././.][./././././././././././.]
[qp4-node-063:91627] MCW rank 14 bound to socket 2[core 24[hwt 0]], socket 2[core 25[hwt 0]], socket 2[core 26[hwt 0]], socket 2[core 27[hwt 0]], socket 2[core 28[hwt 0]], socket 2[core 29[hwt 0]], socket 2[core 30[hwt 0]], socket 2[core 31[hwt 0]], socket 2[core 32[hwt 0]], socket 2[core 33[hwt 0]], socket 2[core 34[hwt 0]], socket 2[core 35[hwt 0]]: [./././././././././././.][./././././././././././.][B/B/B/B/B/B/B/B/B/B/B/B][./././././././././././.]
[qp4-node-063:91627] MCW rank 15 bound to socket 3[core 36[hwt 0]], socket 3[core 37[hwt 0]], socket 3[core 38[hwt 0]], socket 3[core 39[hwt 0]], socket 3[core 40[hwt 0]], socket 3[core 41[hwt 0]], socket 3[core 42[hwt 0]], socket 3[core 43[hwt 0]], socket 3[core 44[hwt 0]], socket 3[core 45[hwt 0]], socket 3[core 46[hwt 0]], socket 3[core 47[hwt 0]]: [./././././././././././.][./././././././././././.][./././././././././././.][B/B/B/B/B/B/B/B/B/B/B/B]
[qp4-node-064:89592:0:89596] Caught signal 11 (Segmentation fault: address not mapped to object at address 0x400001109800)
[qp4-node-064:89591:0:89595] Caught signal 11 (Segmentation fault: address not mapped to object at address 0x400001109800)
[qp4-node-061:137637:0:137642] Caught signal 11 (Segmentation fault: address not mapped to object at address 0x400001109800)
[qp4-node-061:137639:0:137643] Caught signal 11 (Segmentation fault: address not mapped to object at address 0x400001109800)
[qp4-node-060:135898:0:135902] Caught signal 11 (Segmentation fault: address not mapped to object at address 0x400001109800)
[qp4-node-060:135897:0:135901] Caught signal 11 (Segmentation fault: address not mapped to object at address 0x400001109800)
[qp4-node-062:113095:0:113099] Caught signal 11 (Segmentation fault: address not mapped to object at address 0x400001109800)
[qp4-node-062:113089:0:113097] Caught signal 11 (Segmentation fault: address not mapped to object at address 0x400001109800)
[qp4-node-062:113093:0:113096] Caught signal 11 (Segmentation fault: address not mapped to object at address 0x400001109800)
[qp4-node-063:91633:0:91641] Caught signal 11 (Segmentation fault: address not mapped to object at address 0x400001109800)
[qp4-node-063:91639:0:91643] Caught signal 11 (Segmentation fault: address not mapped to object at address 0x400001109800)
[qp4-node-063:91640:0:91644] Caught signal 11 (Segmentation fault: address not mapped to object at address 0x400001109800)
[qp4-node-063:91637:0:91642] Caught signal 11 (Segmentation fault: address not mapped to object at address 0x400001109800)
[qp4-node-061:137640:0:137644] Caught signal 11 (Segmentation fault: address not mapped to object at address 0x400001109800)
[qp4-node-061:137638:0:137641] Caught signal 11 (Segmentation fault: address not mapped to object at address 0x400001109800)
[qp4-node-060:135900:0:135905] Caught signal 11 (Segmentation fault: address not mapped to object at address 0x400001109800)
[qp4-node-060:135899:0:135903] Caught signal 11 (Segmentation fault: address not mapped to object at address 0x400001109800)
[qp4-node-062:113094:0:113098] Caught signal 11 (Segmentation fault: address not mapped to object at address 0x400001109800)
[qp4-node-064:89590:0:89593] Caught signal 11 (Segmentation fault: address not mapped to object at address 0x400001109800)
[qp4-node-064:89586:0:89594] Caught signal 11 (Segmentation fault: address not mapped to object at address 0x400001109800)
--------------------------------------------------------------------------
Primary job  terminated normally, but 1 process returned
a non-zero exit code. Per user-direction, the job has been aborted.
--------------------------------------------------------------------------
--------------------------------------------------------------------------
mpirun noticed that process rank 7 with PID 137640 on node qp4-node-061 exited on signal 11 (Segmentation fault).
--------------------------------------------------------------------------
4 total processes killed (some possibly by mpirun during cleanup)
