[qp4-node-054:106275] MCW rank 0 bound to socket 0[core 0[hwt 0]], socket 0[core 1[hwt 0]], socket 0[core 2[hwt 0]], socket 0[core 3[hwt 0]], socket 0[core 4[hwt 0]], socket 0[core 5[hwt 0]], socket 0[core 6[hwt 0]], socket 0[core 7[hwt 0]], socket 0[core 8[hwt 0]], socket 0[core 9[hwt 0]], socket 0[core 10[hwt 0]], socket 0[core 11[hwt 0]]: [B/B/B/B/B/B/B/B/B/B/B/B][./././././././././././.][./././././././././././.][./././././././././././.]
[qp4-node-054:106275] MCW rank 1 bound to socket 1[core 12[hwt 0]], socket 1[core 13[hwt 0]], socket 1[core 14[hwt 0]], socket 1[core 15[hwt 0]], socket 1[core 16[hwt 0]], socket 1[core 17[hwt 0]], socket 1[core 18[hwt 0]], socket 1[core 19[hwt 0]], socket 1[core 20[hwt 0]], socket 1[core 21[hwt 0]], socket 1[core 22[hwt 0]], socket 1[core 23[hwt 0]]: [./././././././././././.][B/B/B/B/B/B/B/B/B/B/B/B][./././././././././././.][./././././././././././.]
[qp4-node-060:132873] MCW rank 10 bound to socket 0[core 0[hwt 0]], socket 0[core 1[hwt 0]], socket 0[core 2[hwt 0]], socket 0[core 3[hwt 0]], socket 0[core 4[hwt 0]], socket 0[core 5[hwt 0]], socket 0[core 6[hwt 0]], socket 0[core 7[hwt 0]], socket 0[core 8[hwt 0]], socket 0[core 9[hwt 0]], socket 0[core 10[hwt 0]], socket 0[core 11[hwt 0]]: [B/B/B/B/B/B/B/B/B/B/B/B][./././././././././././.][./././././././././././.][./././././././././././.]
[qp4-node-060:132873] MCW rank 11 bound to socket 1[core 12[hwt 0]], socket 1[core 13[hwt 0]], socket 1[core 14[hwt 0]], socket 1[core 15[hwt 0]], socket 1[core 16[hwt 0]], socket 1[core 17[hwt 0]], socket 1[core 18[hwt 0]], socket 1[core 19[hwt 0]], socket 1[core 20[hwt 0]], socket 1[core 21[hwt 0]], socket 1[core 22[hwt 0]], socket 1[core 23[hwt 0]]: [./././././././././././.][B/B/B/B/B/B/B/B/B/B/B/B][./././././././././././.][./././././././././././.]
[qp4-node-059:132801] MCW rank 9 bound to socket 1[core 12[hwt 0]], socket 1[core 13[hwt 0]], socket 1[core 14[hwt 0]], socket 1[core 15[hwt 0]], socket 1[core 16[hwt 0]], socket 1[core 17[hwt 0]], socket 1[core 18[hwt 0]], socket 1[core 19[hwt 0]], socket 1[core 20[hwt 0]], socket 1[core 21[hwt 0]], socket 1[core 22[hwt 0]], socket 1[core 23[hwt 0]]: [./././././././././././.][B/B/B/B/B/B/B/B/B/B/B/B][./././././././././././.][./././././././././././.]
[qp4-node-059:132801] MCW rank 8 bound to socket 0[core 0[hwt 0]], socket 0[core 1[hwt 0]], socket 0[core 2[hwt 0]], socket 0[core 3[hwt 0]], socket 0[core 4[hwt 0]], socket 0[core 5[hwt 0]], socket 0[core 6[hwt 0]], socket 0[core 7[hwt 0]], socket 0[core 8[hwt 0]], socket 0[core 9[hwt 0]], socket 0[core 10[hwt 0]], socket 0[core 11[hwt 0]]: [B/B/B/B/B/B/B/B/B/B/B/B][./././././././././././.][./././././././././././.][./././././././././././.]
[qp4-node-058:88033] MCW rank 6 bound to socket 0[core 0[hwt 0]], socket 0[core 1[hwt 0]], socket 0[core 2[hwt 0]], socket 0[core 3[hwt 0]], socket 0[core 4[hwt 0]], socket 0[core 5[hwt 0]], socket 0[core 6[hwt 0]], socket 0[core 7[hwt 0]], socket 0[core 8[hwt 0]], socket 0[core 9[hwt 0]], socket 0[core 10[hwt 0]], socket 0[core 11[hwt 0]]: [B/B/B/B/B/B/B/B/B/B/B/B][./././././././././././.][./././././././././././.][./././././././././././.]
[qp4-node-058:88033] MCW rank 7 bound to socket 1[core 12[hwt 0]], socket 1[core 13[hwt 0]], socket 1[core 14[hwt 0]], socket 1[core 15[hwt 0]], socket 1[core 16[hwt 0]], socket 1[core 17[hwt 0]], socket 1[core 18[hwt 0]], socket 1[core 19[hwt 0]], socket 1[core 20[hwt 0]], socket 1[core 21[hwt 0]], socket 1[core 22[hwt 0]], socket 1[core 23[hwt 0]]: [./././././././././././.][B/B/B/B/B/B/B/B/B/B/B/B][./././././././././././.][./././././././././././.]
[qp4-node-061:135242] MCW rank 12 bound to socket 0[core 0[hwt 0]], socket 0[core 1[hwt 0]], socket 0[core 2[hwt 0]], socket 0[core 3[hwt 0]], socket 0[core 4[hwt 0]], socket 0[core 5[hwt 0]], socket 0[core 6[hwt 0]], socket 0[core 7[hwt 0]], socket 0[core 8[hwt 0]], socket 0[core 9[hwt 0]], socket 0[core 10[hwt 0]], socket 0[core 11[hwt 0]]: [B/B/B/B/B/B/B/B/B/B/B/B][./././././././././././.][./././././././././././.][./././././././././././.]
[qp4-node-061:135242] MCW rank 13 bound to socket 1[core 12[hwt 0]], socket 1[core 13[hwt 0]], socket 1[core 14[hwt 0]], socket 1[core 15[hwt 0]], socket 1[core 16[hwt 0]], socket 1[core 17[hwt 0]], socket 1[core 18[hwt 0]], socket 1[core 19[hwt 0]], socket 1[core 20[hwt 0]], socket 1[core 21[hwt 0]], socket 1[core 22[hwt 0]], socket 1[core 23[hwt 0]]: [./././././././././././.][B/B/B/B/B/B/B/B/B/B/B/B][./././././././././././.][./././././././././././.]
[qp4-node-057:270594] MCW rank 4 bound to socket 0[core 0[hwt 0]], socket 0[core 1[hwt 0]], socket 0[core 2[hwt 0]], socket 0[core 3[hwt 0]], socket 0[core 4[hwt 0]], socket 0[core 5[hwt 0]], socket 0[core 6[hwt 0]], socket 0[core 7[hwt 0]], socket 0[core 8[hwt 0]], socket 0[core 9[hwt 0]], socket 0[core 10[hwt 0]], socket 0[core 11[hwt 0]]: [B/B/B/B/B/B/B/B/B/B/B/B][./././././././././././.][./././././././././././.][./././././././././././.]
[qp4-node-057:270594] MCW rank 5 bound to socket 1[core 12[hwt 0]], socket 1[core 13[hwt 0]], socket 1[core 14[hwt 0]], socket 1[core 15[hwt 0]], socket 1[core 16[hwt 0]], socket 1[core 17[hwt 0]], socket 1[core 18[hwt 0]], socket 1[core 19[hwt 0]], socket 1[core 20[hwt 0]], socket 1[core 21[hwt 0]], socket 1[core 22[hwt 0]], socket 1[core 23[hwt 0]]: [./././././././././././.][B/B/B/B/B/B/B/B/B/B/B/B][./././././././././././.][./././././././././././.]
[qp4-node-056:285315] MCW rank 2 bound to socket 0[core 0[hwt 0]], socket 0[core 1[hwt 0]], socket 0[core 2[hwt 0]], socket 0[core 3[hwt 0]], socket 0[core 4[hwt 0]], socket 0[core 5[hwt 0]], socket 0[core 6[hwt 0]], socket 0[core 7[hwt 0]], socket 0[core 8[hwt 0]], socket 0[core 9[hwt 0]], socket 0[core 10[hwt 0]], socket 0[core 11[hwt 0]]: [B/B/B/B/B/B/B/B/B/B/B/B][./././././././././././.][./././././././././././.][./././././././././././.]
[qp4-node-056:285315] MCW rank 3 bound to socket 1[core 12[hwt 0]], socket 1[core 13[hwt 0]], socket 1[core 14[hwt 0]], socket 1[core 15[hwt 0]], socket 1[core 16[hwt 0]], socket 1[core 17[hwt 0]], socket 1[core 18[hwt 0]], socket 1[core 19[hwt 0]], socket 1[core 20[hwt 0]], socket 1[core 21[hwt 0]], socket 1[core 22[hwt 0]], socket 1[core 23[hwt 0]]: [./././././././././././.][B/B/B/B/B/B/B/B/B/B/B/B][./././././././././././.][./././././././././././.]
[qp4-node-063:89679] MCW rank 14 bound to socket 0[core 0[hwt 0]], socket 0[core 1[hwt 0]], socket 0[core 2[hwt 0]], socket 0[core 3[hwt 0]], socket 0[core 4[hwt 0]], socket 0[core 5[hwt 0]], socket 0[core 6[hwt 0]], socket 0[core 7[hwt 0]], socket 0[core 8[hwt 0]], socket 0[core 9[hwt 0]], socket 0[core 10[hwt 0]], socket 0[core 11[hwt 0]]: [B/B/B/B/B/B/B/B/B/B/B/B][./././././././././././.][./././././././././././.][./././././././././././.]
[qp4-node-063:89679] MCW rank 15 bound to socket 1[core 12[hwt 0]], socket 1[core 13[hwt 0]], socket 1[core 14[hwt 0]], socket 1[core 15[hwt 0]], socket 1[core 16[hwt 0]], socket 1[core 17[hwt 0]], socket 1[core 18[hwt 0]], socket 1[core 19[hwt 0]], socket 1[core 20[hwt 0]], socket 1[core 21[hwt 0]], socket 1[core 22[hwt 0]], socket 1[core 23[hwt 0]]: [./././././././././././.][B/B/B/B/B/B/B/B/B/B/B/B][./././././././././././.][./././././././././././.]
[qp4-node-059:132804:0:132806] Caught signal 11 (Segmentation fault: address not mapped to object at address 0x400001109800)
[qp4-node-054:106296:0:106300] Caught signal 11 (Segmentation fault: address not mapped to object at address 0x400001109800)
[qp4-node-061:135245:0:135247] Caught signal 11 (Segmentation fault: address not mapped to object at address 0x400001109800)
[qp4-node-060:132877:0:132878] Caught signal 11 (Segmentation fault: address not mapped to object at address 0x400001109800)
[qp4-node-056:285325:0:285327] Caught signal 11 (Segmentation fault: address not mapped to object at address 0x400001109800)
[qp4-node-057:270600:0:270604] Caught signal 11 (Segmentation fault: address not mapped to object at address 0x400001109800)
[qp4-node-058:88037:0:88038] Caught signal 11 (Segmentation fault: address not mapped to object at address 0x400001109800)
[qp4-node-063:89691:0:89693] Caught signal 11 (Segmentation fault: address not mapped to object at address 0x400001109800)
[qp4-node-059:132805:0:132807] Caught signal 11 (Segmentation fault: address not mapped to object at address 0x400001109800)
[qp4-node-061:135246:0:135248] Caught signal 11 (Segmentation fault: address not mapped to object at address 0x400001109800)
[qp4-node-060:132876:0:132879] Caught signal 11 (Segmentation fault: address not mapped to object at address 0x400001109800)
[qp4-node-056:285321:0:285326] Caught signal 11 (Segmentation fault: address not mapped to object at address 0x400001109800)
[qp4-node-058:88036:0:88039] Caught signal 11 (Segmentation fault: address not mapped to object at address 0x400001109800)
[qp4-node-063:89686:0:89692] Caught signal 11 (Segmentation fault: address not mapped to object at address 0x400001109800)
[qp4-node-054:106299:0:106301] Caught signal 11 (Segmentation fault: address not mapped to object at address 0x400001109800)
[qp4-node-057:270603:0:270605] Caught signal 11 (Segmentation fault: address not mapped to object at address 0x400001109800)
--------------------------------------------------------------------------
Primary job  terminated normally, but 1 process returned
a non-zero exit code. Per user-direction, the job has been aborted.
--------------------------------------------------------------------------
--------------------------------------------------------------------------
mpirun noticed that process rank 11 with PID 132877 on node qp4-node-060 exited on signal 11 (Segmentation fault).
--------------------------------------------------------------------------
4 total processes killed (some possibly by mpirun during cleanup)
