[qp4-node-005:262508] MCW rank 0 bound to socket 0[core 0[hwt 0]], socket 0[core 1[hwt 0]], socket 0[core 2[hwt 0]], socket 0[core 3[hwt 0]], socket 0[core 4[hwt 0]], socket 0[core 5[hwt 0]], socket 0[core 6[hwt 0]], socket 0[core 7[hwt 0]], socket 0[core 8[hwt 0]], socket 0[core 9[hwt 0]], socket 0[core 10[hwt 0]], socket 0[core 11[hwt 0]]: [B/B/B/B/B/B/B/B/B/B/B/B][./././././././././././.][./././././././././././.][./././././././././././.]
[qp4-node-005:262508] MCW rank 1 bound to socket 1[core 12[hwt 0]], socket 1[core 13[hwt 0]], socket 1[core 14[hwt 0]], socket 1[core 15[hwt 0]], socket 1[core 16[hwt 0]], socket 1[core 17[hwt 0]], socket 1[core 18[hwt 0]], socket 1[core 19[hwt 0]], socket 1[core 20[hwt 0]], socket 1[core 21[hwt 0]], socket 1[core 22[hwt 0]], socket 1[core 23[hwt 0]]: [./././././././././././.][B/B/B/B/B/B/B/B/B/B/B/B][./././././././././././.][./././././././././././.]
[qp4-node-007:161700] MCW rank 4 bound to socket 0[core 0[hwt 0]], socket 0[core 1[hwt 0]], socket 0[core 2[hwt 0]], socket 0[core 3[hwt 0]], socket 0[core 4[hwt 0]], socket 0[core 5[hwt 0]], socket 0[core 6[hwt 0]], socket 0[core 7[hwt 0]], socket 0[core 8[hwt 0]], socket 0[core 9[hwt 0]], socket 0[core 10[hwt 0]], socket 0[core 11[hwt 0]]: [B/B/B/B/B/B/B/B/B/B/B/B][./././././././././././.][./././././././././././.][./././././././././././.]
[qp4-node-007:161700] MCW rank 5 bound to socket 1[core 12[hwt 0]], socket 1[core 13[hwt 0]], socket 1[core 14[hwt 0]], socket 1[core 15[hwt 0]], socket 1[core 16[hwt 0]], socket 1[core 17[hwt 0]], socket 1[core 18[hwt 0]], socket 1[core 19[hwt 0]], socket 1[core 20[hwt 0]], socket 1[core 21[hwt 0]], socket 1[core 22[hwt 0]], socket 1[core 23[hwt 0]]: [./././././././././././.][B/B/B/B/B/B/B/B/B/B/B/B][./././././././././././.][./././././././././././.]
[qp4-node-008:164757] MCW rank 6 bound to socket 0[core 0[hwt 0]], socket 0[core 1[hwt 0]], socket 0[core 2[hwt 0]], socket 0[core 3[hwt 0]], socket 0[core 4[hwt 0]], socket 0[core 5[hwt 0]], socket 0[core 6[hwt 0]], socket 0[core 7[hwt 0]], socket 0[core 8[hwt 0]], socket 0[core 9[hwt 0]], socket 0[core 10[hwt 0]], socket 0[core 11[hwt 0]]: [B/B/B/B/B/B/B/B/B/B/B/B][./././././././././././.][./././././././././././.][./././././././././././.]
[qp4-node-006:161074] MCW rank 2 bound to socket 0[core 0[hwt 0]], socket 0[core 1[hwt 0]], socket 0[core 2[hwt 0]], socket 0[core 3[hwt 0]], socket 0[core 4[hwt 0]], socket 0[core 5[hwt 0]], socket 0[core 6[hwt 0]], socket 0[core 7[hwt 0]], socket 0[core 8[hwt 0]], socket 0[core 9[hwt 0]], socket 0[core 10[hwt 0]], socket 0[core 11[hwt 0]]: [B/B/B/B/B/B/B/B/B/B/B/B][./././././././././././.][./././././././././././.][./././././././././././.]
[qp4-node-008:164757] MCW rank 7 bound to socket 1[core 12[hwt 0]], socket 1[core 13[hwt 0]], socket 1[core 14[hwt 0]], socket 1[core 15[hwt 0]], socket 1[core 16[hwt 0]], socket 1[core 17[hwt 0]], socket 1[core 18[hwt 0]], socket 1[core 19[hwt 0]], socket 1[core 20[hwt 0]], socket 1[core 21[hwt 0]], socket 1[core 22[hwt 0]], socket 1[core 23[hwt 0]]: [./././././././././././.][B/B/B/B/B/B/B/B/B/B/B/B][./././././././././././.][./././././././././././.]
[qp4-node-006:161074] MCW rank 3 bound to socket 1[core 12[hwt 0]], socket 1[core 13[hwt 0]], socket 1[core 14[hwt 0]], socket 1[core 15[hwt 0]], socket 1[core 16[hwt 0]], socket 1[core 17[hwt 0]], socket 1[core 18[hwt 0]], socket 1[core 19[hwt 0]], socket 1[core 20[hwt 0]], socket 1[core 21[hwt 0]], socket 1[core 22[hwt 0]], socket 1[core 23[hwt 0]]: [./././././././././././.][B/B/B/B/B/B/B/B/B/B/B/B][./././././././././././.][./././././././././././.]
[qp4-node-006:161084:0:161084] Caught signal 11 (Segmentation fault: address not mapped to object at address (nil))
==== backtrace (tid: 161084) ====
 0  /lib64/libucs.so.0(ucs_handle_error+0x28c) [0x400002f4f0dc]
 1  /lib64/libucs.so.0(+0x1f28c) [0x400002f4f28c]
 2  /lib64/libucs.so.0(+0x1f474) [0x400002f4f474]
 3  linux-vdso.so.1(__kernel_rt_sigreturn+0) [0x4000000707a0]
=================================
[qp4-node-006:161084] *** Process received signal ***
[qp4-node-006:161084] Signal: Segmentation fault (11)
[qp4-node-006:161084] Signal code:  (-6)
[qp4-node-006:161084] Failing at address: 0x4cfc0002753c
[qp4-node-006:161084] [ 0] linux-vdso.so.1(__kernel_rt_sigreturn+0x0)[0x4000000707a0]
[qp4-node-006:161084] *** End of error message ***
--------------------------------------------------------------------------
Primary job  terminated normally, but 1 process returned
a non-zero exit code. Per user-direction, the job has been aborted.
--------------------------------------------------------------------------
--------------------------------------------------------------------------
mpirun noticed that process rank 3 with PID 161084 on node qp4-node-006 exited on signal 11 (Segmentation fault).
--------------------------------------------------------------------------
