[qp4-node-054:115344] MCW rank 0 bound to socket 0[core 0[hwt 0]], socket 0[core 1[hwt 0]], socket 0[core 2[hwt 0]], socket 0[core 3[hwt 0]], socket 0[core 4[hwt 0]], socket 0[core 5[hwt 0]], socket 0[core 6[hwt 0]], socket 0[core 7[hwt 0]], socket 0[core 8[hwt 0]], socket 0[core 9[hwt 0]], socket 0[core 10[hwt 0]], socket 0[core 11[hwt 0]]: [B/B/B/B/B/B/B/B/B/B/B/B][./././././././././././.][./././././././././././.][./././././././././././.]
[qp4-node-054:115344] MCW rank 1 bound to socket 1[core 12[hwt 0]], socket 1[core 13[hwt 0]], socket 1[core 14[hwt 0]], socket 1[core 15[hwt 0]], socket 1[core 16[hwt 0]], socket 1[core 17[hwt 0]], socket 1[core 18[hwt 0]], socket 1[core 19[hwt 0]], socket 1[core 20[hwt 0]], socket 1[core 21[hwt 0]], socket 1[core 22[hwt 0]], socket 1[core 23[hwt 0]]: [./././././././././././.][B/B/B/B/B/B/B/B/B/B/B/B][./././././././././././.][./././././././././././.]
[qp4-node-054:115344] MCW rank 2 bound to socket 2[core 24[hwt 0]], socket 2[core 25[hwt 0]], socket 2[core 26[hwt 0]], socket 2[core 27[hwt 0]], socket 2[core 28[hwt 0]], socket 2[core 29[hwt 0]], socket 2[core 30[hwt 0]], socket 2[core 31[hwt 0]], socket 2[core 32[hwt 0]], socket 2[core 33[hwt 0]], socket 2[core 34[hwt 0]], socket 2[core 35[hwt 0]]: [./././././././././././.][./././././././././././.][B/B/B/B/B/B/B/B/B/B/B/B][./././././././././././.]
[qp4-node-060:139507] MCW rank 15 bound to socket 0[core 0[hwt 0]], socket 0[core 1[hwt 0]], socket 0[core 2[hwt 0]], socket 0[core 3[hwt 0]], socket 0[core 4[hwt 0]], socket 0[core 5[hwt 0]], socket 0[core 6[hwt 0]], socket 0[core 7[hwt 0]], socket 0[core 8[hwt 0]], socket 0[core 9[hwt 0]], socket 0[core 10[hwt 0]], socket 0[core 11[hwt 0]]: [B/B/B/B/B/B/B/B/B/B/B/B][./././././././././././.][./././././././././././.][./././././././././././.]
[qp4-node-058:94641] MCW rank 9 bound to socket 0[core 0[hwt 0]], socket 0[core 1[hwt 0]], socket 0[core 2[hwt 0]], socket 0[core 3[hwt 0]], socket 0[core 4[hwt 0]], socket 0[core 5[hwt 0]], socket 0[core 6[hwt 0]], socket 0[core 7[hwt 0]], socket 0[core 8[hwt 0]], socket 0[core 9[hwt 0]], socket 0[core 10[hwt 0]], socket 0[core 11[hwt 0]]: [B/B/B/B/B/B/B/B/B/B/B/B][./././././././././././.][./././././././././././.][./././././././././././.]
[qp4-node-060:139507] MCW rank 16 bound to socket 1[core 12[hwt 0]], socket 1[core 13[hwt 0]], socket 1[core 14[hwt 0]], socket 1[core 15[hwt 0]], socket 1[core 16[hwt 0]], socket 1[core 17[hwt 0]], socket 1[core 18[hwt 0]], socket 1[core 19[hwt 0]], socket 1[core 20[hwt 0]], socket 1[core 21[hwt 0]], socket 1[core 22[hwt 0]], socket 1[core 23[hwt 0]]: [./././././././././././.][B/B/B/B/B/B/B/B/B/B/B/B][./././././././././././.][./././././././././././.]
[qp4-node-059:139396] MCW rank 12 bound to socket 0[core 0[hwt 0]], socket 0[core 1[hwt 0]], socket 0[core 2[hwt 0]], socket 0[core 3[hwt 0]], socket 0[core 4[hwt 0]], socket 0[core 5[hwt 0]], socket 0[core 6[hwt 0]], socket 0[core 7[hwt 0]], socket 0[core 8[hwt 0]], socket 0[core 9[hwt 0]], socket 0[core 10[hwt 0]], socket 0[core 11[hwt 0]]: [B/B/B/B/B/B/B/B/B/B/B/B][./././././././././././.][./././././././././././.][./././././././././././.]
[qp4-node-058:94641] MCW rank 10 bound to socket 1[core 12[hwt 0]], socket 1[core 13[hwt 0]], socket 1[core 14[hwt 0]], socket 1[core 15[hwt 0]], socket 1[core 16[hwt 0]], socket 1[core 17[hwt 0]], socket 1[core 18[hwt 0]], socket 1[core 19[hwt 0]], socket 1[core 20[hwt 0]], socket 1[core 21[hwt 0]], socket 1[core 22[hwt 0]], socket 1[core 23[hwt 0]]: [./././././././././././.][B/B/B/B/B/B/B/B/B/B/B/B][./././././././././././.][./././././././././././.]
[qp4-node-060:139507] MCW rank 17 bound to socket 2[core 24[hwt 0]], socket 2[core 25[hwt 0]], socket 2[core 26[hwt 0]], socket 2[core 27[hwt 0]], socket 2[core 28[hwt 0]], socket 2[core 29[hwt 0]], socket 2[core 30[hwt 0]], socket 2[core 31[hwt 0]], socket 2[core 32[hwt 0]], socket 2[core 33[hwt 0]], socket 2[core 34[hwt 0]], socket 2[core 35[hwt 0]]: [./././././././././././.][./././././././././././.][B/B/B/B/B/B/B/B/B/B/B/B][./././././././././././.]
[qp4-node-059:139396] MCW rank 13 bound to socket 1[core 12[hwt 0]], socket 1[core 13[hwt 0]], socket 1[core 14[hwt 0]], socket 1[core 15[hwt 0]], socket 1[core 16[hwt 0]], socket 1[core 17[hwt 0]], socket 1[core 18[hwt 0]], socket 1[core 19[hwt 0]], socket 1[core 20[hwt 0]], socket 1[core 21[hwt 0]], socket 1[core 22[hwt 0]], socket 1[core 23[hwt 0]]: [./././././././././././.][B/B/B/B/B/B/B/B/B/B/B/B][./././././././././././.][./././././././././././.]
[qp4-node-061:141179] MCW rank 18 bound to socket 0[core 0[hwt 0]], socket 0[core 1[hwt 0]], socket 0[core 2[hwt 0]], socket 0[core 3[hwt 0]], socket 0[core 4[hwt 0]], socket 0[core 5[hwt 0]], socket 0[core 6[hwt 0]], socket 0[core 7[hwt 0]], socket 0[core 8[hwt 0]], socket 0[core 9[hwt 0]], socket 0[core 10[hwt 0]], socket 0[core 11[hwt 0]]: [B/B/B/B/B/B/B/B/B/B/B/B][./././././././././././.][./././././././././././.][./././././././././././.]
[qp4-node-058:94641] MCW rank 11 bound to socket 2[core 24[hwt 0]], socket 2[core 25[hwt 0]], socket 2[core 26[hwt 0]], socket 2[core 27[hwt 0]], socket 2[core 28[hwt 0]], socket 2[core 29[hwt 0]], socket 2[core 30[hwt 0]], socket 2[core 31[hwt 0]], socket 2[core 32[hwt 0]], socket 2[core 33[hwt 0]], socket 2[core 34[hwt 0]], socket 2[core 35[hwt 0]]: [./././././././././././.][./././././././././././.][B/B/B/B/B/B/B/B/B/B/B/B][./././././././././././.]
[qp4-node-059:139396] MCW rank 14 bound to socket 2[core 24[hwt 0]], socket 2[core 25[hwt 0]], socket 2[core 26[hwt 0]], socket 2[core 27[hwt 0]], socket 2[core 28[hwt 0]], socket 2[core 29[hwt 0]], socket 2[core 30[hwt 0]], socket 2[core 31[hwt 0]], socket 2[core 32[hwt 0]], socket 2[core 33[hwt 0]], socket 2[core 34[hwt 0]], socket 2[core 35[hwt 0]]: [./././././././././././.][./././././././././././.][B/B/B/B/B/B/B/B/B/B/B/B][./././././././././././.]
[qp4-node-061:141179] MCW rank 19 bound to socket 1[core 12[hwt 0]], socket 1[core 13[hwt 0]], socket 1[core 14[hwt 0]], socket 1[core 15[hwt 0]], socket 1[core 16[hwt 0]], socket 1[core 17[hwt 0]], socket 1[core 18[hwt 0]], socket 1[core 19[hwt 0]], socket 1[core 20[hwt 0]], socket 1[core 21[hwt 0]], socket 1[core 22[hwt 0]], socket 1[core 23[hwt 0]]: [./././././././././././.][B/B/B/B/B/B/B/B/B/B/B/B][./././././././././././.][./././././././././././.]
[qp4-node-062:116289] MCW rank 23 bound to socket 2[core 24[hwt 0]], socket 2[core 25[hwt 0]], socket 2[core 26[hwt 0]], socket 2[core 27[hwt 0]], socket 2[core 28[hwt 0]], socket 2[core 29[hwt 0]], socket 2[core 30[hwt 0]], socket 2[core 31[hwt 0]], socket 2[core 32[hwt 0]], socket 2[core 33[hwt 0]], socket 2[core 34[hwt 0]], socket 2[core 35[hwt 0]]: [./././././././././././.][./././././././././././.][B/B/B/B/B/B/B/B/B/B/B/B][./././././././././././.]
[qp4-node-061:141179] MCW rank 20 bound to socket 2[core 24[hwt 0]], socket 2[core 25[hwt 0]], socket 2[core 26[hwt 0]], socket 2[core 27[hwt 0]], socket 2[core 28[hwt 0]], socket 2[core 29[hwt 0]], socket 2[core 30[hwt 0]], socket 2[core 31[hwt 0]], socket 2[core 32[hwt 0]], socket 2[core 33[hwt 0]], socket 2[core 34[hwt 0]], socket 2[core 35[hwt 0]]: [./././././././././././.][./././././././././././.][B/B/B/B/B/B/B/B/B/B/B/B][./././././././././././.]
[qp4-node-062:116289] MCW rank 21 bound to socket 0[core 0[hwt 0]], socket 0[core 1[hwt 0]], socket 0[core 2[hwt 0]], socket 0[core 3[hwt 0]], socket 0[core 4[hwt 0]], socket 0[core 5[hwt 0]], socket 0[core 6[hwt 0]], socket 0[core 7[hwt 0]], socket 0[core 8[hwt 0]], socket 0[core 9[hwt 0]], socket 0[core 10[hwt 0]], socket 0[core 11[hwt 0]]: [B/B/B/B/B/B/B/B/B/B/B/B][./././././././././././.][./././././././././././.][./././././././././././.]
[qp4-node-062:116289] MCW rank 22 bound to socket 1[core 12[hwt 0]], socket 1[core 13[hwt 0]], socket 1[core 14[hwt 0]], socket 1[core 15[hwt 0]], socket 1[core 16[hwt 0]], socket 1[core 17[hwt 0]], socket 1[core 18[hwt 0]], socket 1[core 19[hwt 0]], socket 1[core 20[hwt 0]], socket 1[core 21[hwt 0]], socket 1[core 22[hwt 0]], socket 1[core 23[hwt 0]]: [./././././././././././.][B/B/B/B/B/B/B/B/B/B/B/B][./././././././././././.][./././././././././././.]
[qp4-node-056:292420] MCW rank 3 bound to socket 0[core 0[hwt 0]], socket 0[core 1[hwt 0]], socket 0[core 2[hwt 0]], socket 0[core 3[hwt 0]], socket 0[core 4[hwt 0]], socket 0[core 5[hwt 0]], socket 0[core 6[hwt 0]], socket 0[core 7[hwt 0]], socket 0[core 8[hwt 0]], socket 0[core 9[hwt 0]], socket 0[core 10[hwt 0]], socket 0[core 11[hwt 0]]: [B/B/B/B/B/B/B/B/B/B/B/B][./././././././././././.][./././././././././././.][./././././././././././.]
[qp4-node-057:277596] MCW rank 8 bound to socket 2[core 24[hwt 0]], socket 2[core 25[hwt 0]], socket 2[core 26[hwt 0]], socket 2[core 27[hwt 0]], socket 2[core 28[hwt 0]], socket 2[core 29[hwt 0]], socket 2[core 30[hwt 0]], socket 2[core 31[hwt 0]], socket 2[core 32[hwt 0]], socket 2[core 33[hwt 0]], socket 2[core 34[hwt 0]], socket 2[core 35[hwt 0]]: [./././././././././././.][./././././././././././.][B/B/B/B/B/B/B/B/B/B/B/B][./././././././././././.]
[qp4-node-056:292420] MCW rank 4 bound to socket 1[core 12[hwt 0]], socket 1[core 13[hwt 0]], socket 1[core 14[hwt 0]], socket 1[core 15[hwt 0]], socket 1[core 16[hwt 0]], socket 1[core 17[hwt 0]], socket 1[core 18[hwt 0]], socket 1[core 19[hwt 0]], socket 1[core 20[hwt 0]], socket 1[core 21[hwt 0]], socket 1[core 22[hwt 0]], socket 1[core 23[hwt 0]]: [./././././././././././.][B/B/B/B/B/B/B/B/B/B/B/B][./././././././././././.][./././././././././././.]
[qp4-node-057:277596] MCW rank 6 bound to socket 0[core 0[hwt 0]], socket 0[core 1[hwt 0]], socket 0[core 2[hwt 0]], socket 0[core 3[hwt 0]], socket 0[core 4[hwt 0]], socket 0[core 5[hwt 0]], socket 0[core 6[hwt 0]], socket 0[core 7[hwt 0]], socket 0[core 8[hwt 0]], socket 0[core 9[hwt 0]], socket 0[core 10[hwt 0]], socket 0[core 11[hwt 0]]: [B/B/B/B/B/B/B/B/B/B/B/B][./././././././././././.][./././././././././././.][./././././././././././.]
[qp4-node-056:292420] MCW rank 5 bound to socket 2[core 24[hwt 0]], socket 2[core 25[hwt 0]], socket 2[core 26[hwt 0]], socket 2[core 27[hwt 0]], socket 2[core 28[hwt 0]], socket 2[core 29[hwt 0]], socket 2[core 30[hwt 0]], socket 2[core 31[hwt 0]], socket 2[core 32[hwt 0]], socket 2[core 33[hwt 0]], socket 2[core 34[hwt 0]], socket 2[core 35[hwt 0]]: [./././././././././././.][./././././././././././.][B/B/B/B/B/B/B/B/B/B/B/B][./././././././././././.]
[qp4-node-057:277596] MCW rank 7 bound to socket 1[core 12[hwt 0]], socket 1[core 13[hwt 0]], socket 1[core 14[hwt 0]], socket 1[core 15[hwt 0]], socket 1[core 16[hwt 0]], socket 1[core 17[hwt 0]], socket 1[core 18[hwt 0]], socket 1[core 19[hwt 0]], socket 1[core 20[hwt 0]], socket 1[core 21[hwt 0]], socket 1[core 22[hwt 0]], socket 1[core 23[hwt 0]]: [./././././././././././.][B/B/B/B/B/B/B/B/B/B/B/B][./././././././././././.][./././././././././././.]
[qp4-node-062:116300:0:116303] Caught signal 11 (Segmentation fault: address not mapped to object at address 0x400001109800)
[qp4-node-062:116299:0:116302] Caught signal 11 (Segmentation fault: address not mapped to object at address 0x400001109800)
[qp4-node-054:115365:0:115370] Caught signal 11 (Segmentation fault: address not mapped to object at address 0x400001109800)
[qp4-node-054:115368:0:115371] Caught signal 11 (Segmentation fault: address not mapped to object at address 0x400001109800)
[qp4-node-060:139511:0:139513] Caught signal 11 (Segmentation fault: address not mapped to object at address 0x400001109800)
[qp4-node-060:139512:0:139515] Caught signal 11 (Segmentation fault: address not mapped to object at address 0x400001109800)
[qp4-node-057:277606:0:277609] Caught signal 11 (Segmentation fault: address not mapped to object at address 0x400001109800)
[qp4-node-057:277602:0:277608] Caught signal 11 (Segmentation fault: address not mapped to object at address 0x400001109800)
[qp4-node-062:116295:0:116301] Caught signal 11 (Segmentation fault: address not mapped to object at address 0x400001109800)
[qp4-node-059:139401:0:139404] Caught signal 11 (Segmentation fault: address not mapped to object at address 0x400001109800)
[qp4-node-054:115369:0:115372] Caught signal 11 (Segmentation fault: address not mapped to object at address 0x400001109800)
[qp4-node-061:141183:0:141186] Caught signal 11 (Segmentation fault: address not mapped to object at address 0x400001109800)
[qp4-node-061:141182:0:141185] Caught signal 11 (Segmentation fault: address not mapped to object at address 0x400001109800)
[qp4-node-061:141184:0:141187] Caught signal 11 (Segmentation fault: address not mapped to object at address 0x400001109800)
[qp4-node-060:139510:0:139514] Caught signal 11 (Segmentation fault: address not mapped to object at address 0x400001109800)
[qp4-node-056:292431:0:292434] Caught signal 11 (Segmentation fault: address not mapped to object at address 0x400001109800)
[qp4-node-056:292430:0:292433] Caught signal 11 (Segmentation fault: address not mapped to object at address 0x400001109800)
[qp4-node-056:292426:0:292432] Caught signal 11 (Segmentation fault: address not mapped to object at address 0x400001109800)
[qp4-node-057:277607:0:277610] Caught signal 11 (Segmentation fault: address not mapped to object at address 0x400001109800)
[qp4-node-058:94644:0:94648] Caught signal 11 (Segmentation fault: address not mapped to object at address 0x400001109800)
[qp4-node-059:139399:0:139403] Caught signal 11 (Segmentation fault: address not mapped to object at address 0x400001109800)
[qp4-node-058:94645:0:94647] Caught signal 11 (Segmentation fault: address not mapped to object at address 0x400001109800)
[qp4-node-058:94646:0:94649] Caught signal 11 (Segmentation fault: address not mapped to object at address 0x400001109800)
[qp4-node-059:139400:0:139402] Caught signal 11 (Segmentation fault: address not mapped to object at address 0x400001109800)
--------------------------------------------------------------------------
Primary job  terminated normally, but 1 process returned
a non-zero exit code. Per user-direction, the job has been aborted.
--------------------------------------------------------------------------
--------------------------------------------------------------------------
mpirun noticed that process rank 12 with PID 139399 on node qp4-node-059 exited on signal 11 (Segmentation fault).
--------------------------------------------------------------------------
5 total processes killed (some possibly by mpirun during cleanup)
