Fujitsu C/C++ Version 4.7.0   Wed Nov  2 15:04:33 2022
Compilation information
  Current directory : /lustre/home/gapinzon/arm_code/HPCG_for_Arm/ookami_fj
  Source file       : ../src/ComputeProlongation_ref.cpp
(line-no.)(optimize)
        1             
        2             //@HEADER
        3             // ***************************************************
        4             //
        5             // HPCG: High Performance Conjugate Gradient Benchmark
        6             //
        7             // Contact:
        8             // Michael A. Heroux ( maherou@sandia.gov)
        9             // Jack Dongarra     (dongarra@eecs.utk.edu)
       10             // Piotr Luszczek    (luszczek@eecs.utk.edu)
       11             //
       12             // ***************************************************
       13             //@HEADER
       14             
       15             /*!
       16              @file ComputeProlongation_ref.cpp
       17             
       18              HPCG routine
       19              */
       20             
       21             #ifndef HPCG_NO_OPENMP
       22             #include <omp.h>
       23             #endif
       24             
       25             #include "ComputeProlongation_ref.hpp"
       26             
       27             /*!
       28               Routine to compute the coarse residual vector.
       29             
       30               @param[in]  Af - Fine grid sparse matrix object containing pointers to current coarse grid correction and the f2c operator.
       31               @param[inout] xf - Fine grid solution vector, update with coarse grid correction.
       32             
       33               Note that the fine grid residual is never explicitly constructed.
       34               We only compute it for the fine grid points that will be injected into corresponding coarse grid points.
       35             
       36               @return Returns zero on success and a non-zero value otherwise.
       37             */
       38             int ComputeProlongation_ref(const SparseMatrix & Af, Vector & xf) {
       39             
       40               double * xfv = xf.values;
       41               double * xcv = Af.mgData->xc->values;
       42               local_int_t * f2c = Af.mgData->f2cOperator;
       43               local_int_t nc = Af.mgData->rc->localLength;
       44             
       45             #ifndef HPCG_NO_OPENMP
       46          s  #pragma omp parallel for
       47             #endif
       48             // TODO: Somehow note that this loop can be safely vectorized since f2c has no repeated indices
       49               for (local_int_t i=0; i<nc; ++i) xfv[f2c[i]] += xcv[i]; // This loop is safe to vectorize
       50             
       51               return 0;
       52             }
