filename;processes;threads/cores;nx;problem-size(GB);DDOT;WAXPBY;SpMV;MG;Raw-Total;HPCG-3.0;HPCG-2.4;Mode;Schedule;nodes;DDOT-opt;SPVM-opt;SPMV-ARMPL;SCHED-ON;MG-GS;MG-SPMV
1_ddot_waxpy_opt/fj169-1ranks-12threads_HPCG-Benchmark_3.0_2023-11-16_16-32-07.txt;1;12;176;3.89633;19.6459;21.1353;12.1064;6.41159;6.89258;5.87399;6.18975;TDG;(static:0);1;?;?;?;0;5.9704;10.8348
1_ddot_waxpy_opt/fj169-1ranks-12threads_HPCG-Benchmark_3.0_2023-11-16_16-40-30.txt;1;12;176;3.89633;19.6695;21.1255;12.1087;6.41347;6.89458;5.87715;6.19237;TDG;(static:0);1;?;?;?;0;5.97284;10.832
1_ddot_waxpy_opt/fj169-1ranks-12threads_HPCG-Benchmark_3.0_2023-11-16_16-48-54.txt;1;12;176;3.89633;19.6739;21.1033;12.1345;6.39377;6.87715;5.86147;6.17771;TDG;(static:0);1;?;?;?;0;5.94351;10.7561
2_spvm_unrolled/fj170-1ranks-12threads_HPCG-Benchmark_3.0_2023-11-16_16-36-01.txt;1;12;176;3.89633;19.6715;21.0996;13.0399;6.42176;6.94385;5.91056;6.23103;TDG;(static:0);1;?;1;?;0;5.91612;11.5572
2_spvm_unrolled/fj170-1ranks-12threads_HPCG-Benchmark_3.0_2023-11-16_16-44-22.txt;1;12;176;3.89633;19.6589;21.094;13.0473;6.4227;6.94507;5.91029;6.23322;TDG;(static:0);1;?;1;?;0;5.9202;11.5549
2_spvm_unrolled/fj170-1ranks-12threads_HPCG-Benchmark_3.0_2023-11-16_16-52-41.txt;1;12;176;3.89633;19.6452;21.1336;13.0674;6.44172;6.96409;5.92824;6.248;TDG;(static:0);1;?;1;?;0;5.94967;11.5991
3_spmv_gs_unrolled/fj166-1ranks-12threads_HPCG-Benchmark_3.0_2023-11-16_16-39-24.txt;1;12;176;3.89633;19.6013;21.1488;13.0244;8.1495;8.55177;7.05873;7.52777;TDG;(static:0);1;?;1;?;0;8.19238;11.5461
3_spmv_gs_unrolled/fj166-1ranks-12threads_HPCG-Benchmark_3.0_2023-11-16_16-47-31.txt;1;12;176;3.89633;19.6068;21.2035;13.0259;8.14993;8.5524;7.06844;7.52962;TDG;(static:0);1;?;1;?;0;8.19261;11.5455
3_spmv_gs_unrolled/fj166-1ranks-12threads_HPCG-Benchmark_3.0_2023-11-16_16-55-38.txt;1;12;176;3.89633;19.6095;21.1268;13.0293;8.14971;8.55211;7.06819;7.53;TDG;(static:0);1;?;1;?;0;8.19163;11.548
4a_spmv_gs_unrolled/fj169-1ranks-12threads_HPCG-Benchmark_3.0_2023-11-16_17-02-06.txt;1;12;176;3.89633;19.5968;21.1434;12.9228;8.11449;8.51371;7.04803;7.50165;TDG;(static:720);1;?;1;?;0;8.17593;11.5154
4a_spmv_gs_unrolled/fj169-1ranks-12threads_HPCG-Benchmark_3.0_2023-11-16_17-10-14.txt;1;12;176;3.89633;19.5575;21.142;13.0426;8.11297;8.5197;7.0495;7.50343;TDG;(static:720);1;?;1;?;0;8.15886;11.6009
4a_spmv_gs_unrolled/fj169-1ranks-12threads_HPCG-Benchmark_3.0_2023-11-16_17-18-22.txt;1;12;176;3.89633;19.6076;21.1665;12.9157;8.1177;8.51625;7.05465;7.50567;TDG;(static:720);1;?;1;?;0;8.18061;11.5155
4b_spmv_gs_unrolled_sch720/fj166-1ranks-12threads_HPCG-Benchmark_3.0_2023-11-16_17-32-20.txt;1;12;176;3.89633;19.4975;21.1663;15.618;8.33247;8.8607;7.28684;7.77675;TDG;(static:0);1;?;1;?;0;8.1638;14.5507
4b_spmv_gs_unrolled_sch720/fj166-1ranks-12threads_HPCG-Benchmark_3.0_2023-11-16_17-40-49.txt;1;12;176;3.89633;12.6011;15.2953;15.104;7.78143;8.2713;6.87079;7.31054;TDG;(static:0);1;?;1;?;0;7.6099;13.5786
4b_spmv_gs_unrolled_sch720/fj166-1ranks-12threads_HPCG-Benchmark_3.0_2023-11-16_17-48-56.txt;1;12;176;3.89633;19.585;21.1259;15.5283;8.34902;8.87215;7.28847;7.78572;TDG;(static:0);1;?;1;?;0;8.17867;14.71
4_spmv_gs_unrolled_sch/fj168-1ranks-12threads_HPCG-Benchmark_3.0_2023-11-16_16-46-36.txt;1;12;176;3.89633;19.5965;21.1822;13.0141;8.16038;8.56061;7.08105;7.5359;TDG;(static:720);1;?;1;?;0;8.20697;11.5688
4_spmv_gs_unrolled_sch/fj168-1ranks-12threads_HPCG-Benchmark_3.0_2023-11-16_16-54-43.txt;1;12;176;3.89633;19.5871;21.1452;13.021;8.15946;8.56034;7.0809;7.53718;TDG;(static:720);1;?;1;?;0;8.20512;11.5609
4_spmv_gs_unrolled_sch/fj168-1ranks-12threads_HPCG-Benchmark_3.0_2023-11-16_17-03-01.txt;1;12;176;3.89633;19.5951;21.1898;12.9937;8.20805;8.60243;7.10892;7.56913;TDG;(static:720);1;?;1;?;0;8.27973;11.6746
5_all_active_barrier/fj172-1ranks-12threads_HPCG-Benchmark_3.0_2023-11-16_16-56-13.txt;1;12;176;3.89633;19.8018;21.3361;13.0135;8.50847;8.87506;7.31183;7.78474;TDG;(static:720);1;?;1;?;0;8.6009;11.5922
5_all_active_barrier/fj172-1ranks-12threads_HPCG-Benchmark_3.0_2023-11-16_17-04-20.txt;1;12;176;3.89633;19.805;21.3356;13.027;8.50864;8.87624;7.31388;7.78563;TDG;(static:720);1;?;1;?;0;8.59863;11.603
5_all_active_barrier/fj172-1ranks-12threads_HPCG-Benchmark_3.0_2023-11-16_17-12-27.txt;1;12;176;3.89633;19.7906;21.3039;13.0134;8.51003;8.87612;7.31497;7.7864;TDG;(static:720);1;?;1;?;0;8.59863;11.6041
initial/fj159-1ranks-12threads_HPCG-Benchmark_3.0_2023-11-14_13-45-15.txt;1;12;176;3.89633;14.3544;21.2951;12.1384;6.0012;6.48912;5.57663;5.85662;TDG;(static,0);1;?;?;?;0;?;?
initial/fj159-1ranks-12threads_HPCG-Benchmark_3.0_2023-11-14_13-53-27.txt;1;12;176;3.89633;14.3371;21.445;12.1108;5.9933;6.4805;5.57037;5.85123;TDG;(static,0);1;?;?;?;0;?;?
initial/fj159-1ranks-12threads_HPCG-Benchmark_3.0_2023-11-14_14-01-39.txt;1;12;176;3.89633;14.3293;21.48;12.1034;5.99324;6.48009;5.56616;5.84869;TDG;(static,0);1;?;?;?;0;?;?
nosch_spmv/fj168-1ranks-12threads_HPCG-Benchmark_3.0_2023-11-16_16-15-15.txt;1;12;176;3.89633;19.5974;21.1649;13.0325;8.14118;8.5443;7.05904;7.52067;TDG;(static:0);1;?;1;?;0;8.18775;11.5405
nosch_spmv/fj168-1ranks-12threads_HPCG-Benchmark_3.0_2023-11-16_16-23-23.txt;1;12;176;3.89633;19.5945;21.1731;13.0331;8.14046;8.54383;7.05856;7.52096;TDG;(static:0);1;?;1;?;0;8.18441;11.542
nosch_spmv/fj168-1ranks-12threads_HPCG-Benchmark_3.0_2023-11-16_16-31-30.txt;1;12;176;3.89633;19.6107;21.1656;13.0398;8.14435;8.54779;7.06498;7.52464;TDG;(static:0);1;?;1;?;0;8.19093;11.5418
optimal/2_sch_176/fj166-1ranks-12threads_HPCG-Benchmark_3.0_2023-11-14_14-08-44.txt;1;12;176;3.89633;19.6118;21.1635;15.5033;8.36663;8.88736;7.30782;7.79765;TDG;(static:720);1;?;1;?;0;8.22729;14.6223
optimal/2_sch_176/fj166-1ranks-12threads_HPCG-Benchmark_3.0_2023-11-14_14-16-58.txt;1;12;176;3.89633;19.5808;21.1408;15.5421;8.47731;8.99163;7.38208;7.87932;TDG;(static:720);1;?;1;?;0;8.33121;14.948
optimal/2_sch_176/fj166-1ranks-12threads_HPCG-Benchmark_3.0_2023-11-14_14-25-13.txt;1;12;176;3.89633;19.5674;21.1571;15.5426;8.47229;8.98687;7.37369;7.87206;TDG;(static:720);1;?;1;?;0;8.32734;14.9292
optimal/2_sch_176/fj168-1ranks-12threads_HPCG-Benchmark_3.0_2023-11-14_14-10-40.txt;1;12;176;3.89633;19.5885;21.1589;15.4932;8.36759;8.88781;7.29991;7.79735;TDG;(static:528);1;?;1;?;0;8.22076;14.7288
optimal/2_sch_176/fj168-1ranks-12threads_HPCG-Benchmark_3.0_2023-11-14_14-18-55.txt;1;12;176;3.89633;19.5887;21.1601;15.5279;8.47466;8.98836;7.37486;7.8737;TDG;(static:528);1;?;1;?;0;8.32101;15.0296
optimal/2_sch_176/fj168-1ranks-12threads_HPCG-Benchmark_3.0_2023-11-14_14-27-11.txt;1;12;176;3.89633;19.5954;21.1724;15.5384;8.42177;8.94019;7.34676;7.83661;TDG;(static:528);1;?;1;?;0;8.28331;14.8308
optimal/3_sch_176_barrier/fj167-1ranks-12threads_HPCG-Benchmark_3.0_2023-11-14_14-10-33.txt;1;12;176;3.89633;19.8104;21.3451;15.5135;8.79811;9.28646;7.59307;8.10361;TDG;(static:528);1;?;1;?;0;8.62346;15.0059
optimal/3_sch_176_barrier/fj167-1ranks-12threads_HPCG-Benchmark_3.0_2023-11-14_14-18-48.txt;1;12;176;3.89633;19.7881;21.295;15.5415;8.79943;9.28901;7.59561;8.10696;TDG;(static:528);1;?;1;?;0;8.62677;14.9772
optimal/3_sch_176_barrier/fj167-1ranks-12threads_HPCG-Benchmark_3.0_2023-11-14_14-26-53.txt;1;12;176;3.89633;19.7807;21.3441;15.5794;8.7569;9.252;7.57011;8.0755;TDG;(static:528);1;?;1;?;0;8.58882;14.7867
optimal/fj160-1ranks-12threads_HPCG-Benchmark_3.0_2023-11-14_13-46-58.txt;1;12;176;3.89633;19.5627;21.1029;15.5272;8.43491;8.9512;7.34852;7.83986;TDG;(static:0);1;?;1;?;0;8.27474;14.8922
optimal/fj160-1ranks-12threads_HPCG-Benchmark_3.0_2023-11-14_13-55-05.txt;1;12;176;3.89633;19.5319;21.0749;15.6034;8.3607;8.88571;7.30314;7.79101;TDG;(static:0);1;?;1;?;0;8.17746;14.8724
optimal/fj160-1ranks-12threads_HPCG-Benchmark_3.0_2023-11-14_14-03-12.txt;1;12;176;3.89633;19.5507;21.11;15.6122;8.37019;8.89522;7.30785;7.79644;TDG;(static:0);1;?;1;?;0;8.18517;14.9473
