[qp4-node-005:239028] MCW rank 0 bound to socket 0[core 0[hwt 0]], socket 0[core 1[hwt 0]], socket 0[core 2[hwt 0]], socket 0[core 3[hwt 0]], socket 0[core 4[hwt 0]], socket 0[core 5[hwt 0]], socket 0[core 6[hwt 0]], socket 0[core 7[hwt 0]], socket 0[core 8[hwt 0]], socket 0[core 9[hwt 0]], socket 0[core 10[hwt 0]], socket 0[core 11[hwt 0]]: [B/B/B/B/B/B/B/B/B/B/B/B][./././././././././././.][./././././././././././.][./././././././././././.]
[qp4-node-005:239028] MCW rank 1 bound to socket 1[core 12[hwt 0]], socket 1[core 13[hwt 0]], socket 1[core 14[hwt 0]], socket 1[core 15[hwt 0]], socket 1[core 16[hwt 0]], socket 1[core 17[hwt 0]], socket 1[core 18[hwt 0]], socket 1[core 19[hwt 0]], socket 1[core 20[hwt 0]], socket 1[core 21[hwt 0]], socket 1[core 22[hwt 0]], socket 1[core 23[hwt 0]]: [./././././././././././.][B/B/B/B/B/B/B/B/B/B/B/B][./././././././././././.][./././././././././././.]
[qp4-node-008:145108] MCW rank 6 bound to socket 0[core 0[hwt 0]], socket 0[core 1[hwt 0]], socket 0[core 2[hwt 0]], socket 0[core 3[hwt 0]], socket 0[core 4[hwt 0]], socket 0[core 5[hwt 0]], socket 0[core 6[hwt 0]], socket 0[core 7[hwt 0]], socket 0[core 8[hwt 0]], socket 0[core 9[hwt 0]], socket 0[core 10[hwt 0]], socket 0[core 11[hwt 0]]: [B/B/B/B/B/B/B/B/B/B/B/B][./././././././././././.][./././././././././././.][./././././././././././.]
[qp4-node-006:141223] MCW rank 2 bound to socket 0[core 0[hwt 0]], socket 0[core 1[hwt 0]], socket 0[core 2[hwt 0]], socket 0[core 3[hwt 0]], socket 0[core 4[hwt 0]], socket 0[core 5[hwt 0]], socket 0[core 6[hwt 0]], socket 0[core 7[hwt 0]], socket 0[core 8[hwt 0]], socket 0[core 9[hwt 0]], socket 0[core 10[hwt 0]], socket 0[core 11[hwt 0]]: [B/B/B/B/B/B/B/B/B/B/B/B][./././././././././././.][./././././././././././.][./././././././././././.]
[qp4-node-008:145108] MCW rank 7 bound to socket 1[core 12[hwt 0]], socket 1[core 13[hwt 0]], socket 1[core 14[hwt 0]], socket 1[core 15[hwt 0]], socket 1[core 16[hwt 0]], socket 1[core 17[hwt 0]], socket 1[core 18[hwt 0]], socket 1[core 19[hwt 0]], socket 1[core 20[hwt 0]], socket 1[core 21[hwt 0]], socket 1[core 22[hwt 0]], socket 1[core 23[hwt 0]]: [./././././././././././.][B/B/B/B/B/B/B/B/B/B/B/B][./././././././././././.][./././././././././././.]
[qp4-node-023:262295] MCW rank 8 bound to socket 0[core 0[hwt 0]], socket 0[core 1[hwt 0]], socket 0[core 2[hwt 0]], socket 0[core 3[hwt 0]], socket 0[core 4[hwt 0]], socket 0[core 5[hwt 0]], socket 0[core 6[hwt 0]], socket 0[core 7[hwt 0]], socket 0[core 8[hwt 0]], socket 0[core 9[hwt 0]], socket 0[core 10[hwt 0]], socket 0[core 11[hwt 0]]: [B/B/B/B/B/B/B/B/B/B/B/B][./././././././././././.][./././././././././././.][./././././././././././.]
[qp4-node-007:142070] MCW rank 5 bound to socket 1[core 12[hwt 0]], socket 1[core 13[hwt 0]], socket 1[core 14[hwt 0]], socket 1[core 15[hwt 0]], socket 1[core 16[hwt 0]], socket 1[core 17[hwt 0]], socket 1[core 18[hwt 0]], socket 1[core 19[hwt 0]], socket 1[core 20[hwt 0]], socket 1[core 21[hwt 0]], socket 1[core 22[hwt 0]], socket 1[core 23[hwt 0]]: [./././././././././././.][B/B/B/B/B/B/B/B/B/B/B/B][./././././././././././.][./././././././././././.]
[qp4-node-023:262295] MCW rank 9 bound to socket 1[core 12[hwt 0]], socket 1[core 13[hwt 0]], socket 1[core 14[hwt 0]], socket 1[core 15[hwt 0]], socket 1[core 16[hwt 0]], socket 1[core 17[hwt 0]], socket 1[core 18[hwt 0]], socket 1[core 19[hwt 0]], socket 1[core 20[hwt 0]], socket 1[core 21[hwt 0]], socket 1[core 22[hwt 0]], socket 1[core 23[hwt 0]]: [./././././././././././.][B/B/B/B/B/B/B/B/B/B/B/B][./././././././././././.][./././././././././././.]
[qp4-node-006:141223] MCW rank 3 bound to socket 1[core 12[hwt 0]], socket 1[core 13[hwt 0]], socket 1[core 14[hwt 0]], socket 1[core 15[hwt 0]], socket 1[core 16[hwt 0]], socket 1[core 17[hwt 0]], socket 1[core 18[hwt 0]], socket 1[core 19[hwt 0]], socket 1[core 20[hwt 0]], socket 1[core 21[hwt 0]], socket 1[core 22[hwt 0]], socket 1[core 23[hwt 0]]: [./././././././././././.][B/B/B/B/B/B/B/B/B/B/B/B][./././././././././././.][./././././././././././.]
[qp4-node-007:142070] MCW rank 4 bound to socket 0[core 0[hwt 0]], socket 0[core 1[hwt 0]], socket 0[core 2[hwt 0]], socket 0[core 3[hwt 0]], socket 0[core 4[hwt 0]], socket 0[core 5[hwt 0]], socket 0[core 6[hwt 0]], socket 0[core 7[hwt 0]], socket 0[core 8[hwt 0]], socket 0[core 9[hwt 0]], socket 0[core 10[hwt 0]], socket 0[core 11[hwt 0]]: [B/B/B/B/B/B/B/B/B/B/B/B][./././././././././././.][./././././././././././.][./././././././././././.]
[qp4-node-023:262301:0:262306] Caught signal 11 (Segmentation fault: address not mapped to object at address 0x400001109800)
[qp4-node-023:262305:0:262307] Caught signal 11 (Segmentation fault: address not mapped to object at address 0x400001109800)
[qp4-node-007:142076:0:142081] Caught signal 11 (Segmentation fault: address not mapped to object at address 0x400001109800)
[qp4-node-008:145118:0:145120] Caught signal 11 (Segmentation fault: address not mapped to object at address 0x400001109800)
[qp4-node-008:145114:0:145119] Caught signal 11 (Segmentation fault: address not mapped to object at address 0x400001109800)
[qp4-node-005:239049:0:239051] Caught signal 11 (Segmentation fault: address not mapped to object at address 0x400001109800)
[qp4-node-006:141233:0:141234] Caught signal 11 (Segmentation fault: address not mapped to object at address 0x400001109800)
[qp4-node-006:141229:0:141235] Caught signal 11 (Segmentation fault: address not mapped to object at address 0x400001109800)
[qp4-node-007:142080:0:142082] Caught signal 11 (Segmentation fault: address not mapped to object at address 0x400001109800)
--------------------------------------------------------------------------
Primary job  terminated normally, but 1 process returned
a non-zero exit code. Per user-direction, the job has been aborted.
--------------------------------------------------------------------------
--------------------------------------------------------------------------
mpirun noticed that process rank 7 with PID 145118 on node qp4-node-008 exited on signal 11 (Segmentation fault).
--------------------------------------------------------------------------
4 total processes killed (some possibly by mpirun during cleanup)
