[qp4-node-009:143482] MCW rank 2 bound to socket 2[core 24[hwt 0]], socket 2[core 25[hwt 0]], socket 2[core 26[hwt 0]], socket 2[core 27[hwt 0]], socket 2[core 28[hwt 0]], socket 2[core 29[hwt 0]], socket 2[core 30[hwt 0]], socket 2[core 31[hwt 0]], socket 2[core 32[hwt 0]], socket 2[core 33[hwt 0]], socket 2[core 34[hwt 0]], socket 2[core 35[hwt 0]]: [./././././././././././.][./././././././././././.][B/B/B/B/B/B/B/B/B/B/B/B][./././././././././././.]
[qp4-node-009:143482] MCW rank 3 bound to socket 3[core 36[hwt 0]], socket 3[core 37[hwt 0]], socket 3[core 38[hwt 0]], socket 3[core 39[hwt 0]], socket 3[core 40[hwt 0]], socket 3[core 41[hwt 0]], socket 3[core 42[hwt 0]], socket 3[core 43[hwt 0]], socket 3[core 44[hwt 0]], socket 3[core 45[hwt 0]], socket 3[core 46[hwt 0]], socket 3[core 47[hwt 0]]: [./././././././././././.][./././././././././././.][./././././././././././.][B/B/B/B/B/B/B/B/B/B/B/B]
[qp4-node-009:143482] MCW rank 0 bound to socket 0[core 0[hwt 0]], socket 0[core 1[hwt 0]], socket 0[core 2[hwt 0]], socket 0[core 3[hwt 0]], socket 0[core 4[hwt 0]], socket 0[core 5[hwt 0]], socket 0[core 6[hwt 0]], socket 0[core 7[hwt 0]], socket 0[core 8[hwt 0]], socket 0[core 9[hwt 0]], socket 0[core 10[hwt 0]], socket 0[core 11[hwt 0]]: [B/B/B/B/B/B/B/B/B/B/B/B][./././././././././././.][./././././././././././.][./././././././././././.]
[qp4-node-009:143482] MCW rank 1 bound to socket 1[core 12[hwt 0]], socket 1[core 13[hwt 0]], socket 1[core 14[hwt 0]], socket 1[core 15[hwt 0]], socket 1[core 16[hwt 0]], socket 1[core 17[hwt 0]], socket 1[core 18[hwt 0]], socket 1[core 19[hwt 0]], socket 1[core 20[hwt 0]], socket 1[core 21[hwt 0]], socket 1[core 22[hwt 0]], socket 1[core 23[hwt 0]]: [./././././././././././.][B/B/B/B/B/B/B/B/B/B/B/B][./././././././././././.][./././././././././././.]
[qp4-node-012:116311] MCW rank 14 bound to socket 2[core 24[hwt 0]], socket 2[core 25[hwt 0]], socket 2[core 26[hwt 0]], socket 2[core 27[hwt 0]], socket 2[core 28[hwt 0]], socket 2[core 29[hwt 0]], socket 2[core 30[hwt 0]], socket 2[core 31[hwt 0]], socket 2[core 32[hwt 0]], socket 2[core 33[hwt 0]], socket 2[core 34[hwt 0]], socket 2[core 35[hwt 0]]: [./././././././././././.][./././././././././././.][B/B/B/B/B/B/B/B/B/B/B/B][./././././././././././.]
[qp4-node-012:116311] MCW rank 15 bound to socket 3[core 36[hwt 0]], socket 3[core 37[hwt 0]], socket 3[core 38[hwt 0]], socket 3[core 39[hwt 0]], socket 3[core 40[hwt 0]], socket 3[core 41[hwt 0]], socket 3[core 42[hwt 0]], socket 3[core 43[hwt 0]], socket 3[core 44[hwt 0]], socket 3[core 45[hwt 0]], socket 3[core 46[hwt 0]], socket 3[core 47[hwt 0]]: [./././././././././././.][./././././././././././.][./././././././././././.][B/B/B/B/B/B/B/B/B/B/B/B]
[qp4-node-012:116311] MCW rank 12 bound to socket 0[core 0[hwt 0]], socket 0[core 1[hwt 0]], socket 0[core 2[hwt 0]], socket 0[core 3[hwt 0]], socket 0[core 4[hwt 0]], socket 0[core 5[hwt 0]], socket 0[core 6[hwt 0]], socket 0[core 7[hwt 0]], socket 0[core 8[hwt 0]], socket 0[core 9[hwt 0]], socket 0[core 10[hwt 0]], socket 0[core 11[hwt 0]]: [B/B/B/B/B/B/B/B/B/B/B/B][./././././././././././.][./././././././././././.][./././././././././././.]
[qp4-node-012:116311] MCW rank 13 bound to socket 1[core 12[hwt 0]], socket 1[core 13[hwt 0]], socket 1[core 14[hwt 0]], socket 1[core 15[hwt 0]], socket 1[core 16[hwt 0]], socket 1[core 17[hwt 0]], socket 1[core 18[hwt 0]], socket 1[core 19[hwt 0]], socket 1[core 20[hwt 0]], socket 1[core 21[hwt 0]], socket 1[core 22[hwt 0]], socket 1[core 23[hwt 0]]: [./././././././././././.][B/B/B/B/B/B/B/B/B/B/B/B][./././././././././././.][./././././././././././.]
[qp4-node-016:109501] MCW rank 28 bound to socket 0[core 0[hwt 0]], socket 0[core 1[hwt 0]], socket 0[core 2[hwt 0]], socket 0[core 3[hwt 0]], socket 0[core 4[hwt 0]], socket 0[core 5[hwt 0]], socket 0[core 6[hwt 0]], socket 0[core 7[hwt 0]], socket 0[core 8[hwt 0]], socket 0[core 9[hwt 0]], socket 0[core 10[hwt 0]], socket 0[core 11[hwt 0]]: [B/B/B/B/B/B/B/B/B/B/B/B][./././././././././././.][./././././././././././.][./././././././././././.]
[qp4-node-016:109501] MCW rank 29 bound to socket 1[core 12[hwt 0]], socket 1[core 13[hwt 0]], socket 1[core 14[hwt 0]], socket 1[core 15[hwt 0]], socket 1[core 16[hwt 0]], socket 1[core 17[hwt 0]], socket 1[core 18[hwt 0]], socket 1[core 19[hwt 0]], socket 1[core 20[hwt 0]], socket 1[core 21[hwt 0]], socket 1[core 22[hwt 0]], socket 1[core 23[hwt 0]]: [./././././././././././.][B/B/B/B/B/B/B/B/B/B/B/B][./././././././././././.][./././././././././././.]
[qp4-node-016:109501] MCW rank 30 bound to socket 2[core 24[hwt 0]], socket 2[core 25[hwt 0]], socket 2[core 26[hwt 0]], socket 2[core 27[hwt 0]], socket 2[core 28[hwt 0]], socket 2[core 29[hwt 0]], socket 2[core 30[hwt 0]], socket 2[core 31[hwt 0]], socket 2[core 32[hwt 0]], socket 2[core 33[hwt 0]], socket 2[core 34[hwt 0]], socket 2[core 35[hwt 0]]: [./././././././././././.][./././././././././././.][B/B/B/B/B/B/B/B/B/B/B/B][./././././././././././.]
[qp4-node-016:109501] MCW rank 31 bound to socket 3[core 36[hwt 0]], socket 3[core 37[hwt 0]], socket 3[core 38[hwt 0]], socket 3[core 39[hwt 0]], socket 3[core 40[hwt 0]], socket 3[core 41[hwt 0]], socket 3[core 42[hwt 0]], socket 3[core 43[hwt 0]], socket 3[core 44[hwt 0]], socket 3[core 45[hwt 0]], socket 3[core 46[hwt 0]], socket 3[core 47[hwt 0]]: [./././././././././././.][./././././././././././.][./././././././././././.][B/B/B/B/B/B/B/B/B/B/B/B]
[qp4-node-027:134865] MCW rank 58 bound to socket 2[core 24[hwt 0]], socket 2[core 25[hwt 0]], socket 2[core 26[hwt 0]], socket 2[core 27[hwt 0]], socket 2[core 28[hwt 0]], socket 2[core 29[hwt 0]], socket 2[core 30[hwt 0]], socket 2[core 31[hwt 0]], socket 2[core 32[hwt 0]], socket 2[core 33[hwt 0]], socket 2[core 34[hwt 0]], socket 2[core 35[hwt 0]]: [./././././././././././.][./././././././././././.][B/B/B/B/B/B/B/B/B/B/B/B][./././././././././././.]
[qp4-node-028:64465] MCW rank 60 bound to socket 0[core 0[hwt 0]], socket 0[core 1[hwt 0]], socket 0[core 2[hwt 0]], socket 0[core 3[hwt 0]], socket 0[core 4[hwt 0]], socket 0[core 5[hwt 0]], socket 0[core 6[hwt 0]], socket 0[core 7[hwt 0]], socket 0[core 8[hwt 0]], socket 0[core 9[hwt 0]], socket 0[core 10[hwt 0]], socket 0[core 11[hwt 0]]: [B/B/B/B/B/B/B/B/B/B/B/B][./././././././././././.][./././././././././././.][./././././././././././.]
[qp4-node-028:64465] MCW rank 61 bound to socket 1[core 12[hwt 0]], socket 1[core 13[hwt 0]], socket 1[core 14[hwt 0]], socket 1[core 15[hwt 0]], socket 1[core 16[hwt 0]], socket 1[core 17[hwt 0]], socket 1[core 18[hwt 0]], socket 1[core 19[hwt 0]], socket 1[core 20[hwt 0]], socket 1[core 21[hwt 0]], socket 1[core 22[hwt 0]], socket 1[core 23[hwt 0]]: [./././././././././././.][B/B/B/B/B/B/B/B/B/B/B/B][./././././././././././.][./././././././././././.]
[qp4-node-027:134865] MCW rank 59 bound to socket 3[core 36[hwt 0]], socket 3[core 37[hwt 0]], socket 3[core 38[hwt 0]], socket 3[core 39[hwt 0]], socket 3[core 40[hwt 0]], socket 3[core 41[hwt 0]], socket 3[core 42[hwt 0]], socket 3[core 43[hwt 0]], socket 3[core 44[hwt 0]], socket 3[core 45[hwt 0]], socket 3[core 46[hwt 0]], socket 3[core 47[hwt 0]]: [./././././././././././.][./././././././././././.][./././././././././././.][B/B/B/B/B/B/B/B/B/B/B/B]
[qp4-node-024:141578] MCW rank 44 bound to socket 0[core 0[hwt 0]], socket 0[core 1[hwt 0]], socket 0[core 2[hwt 0]], socket 0[core 3[hwt 0]], socket 0[core 4[hwt 0]], socket 0[core 5[hwt 0]], socket 0[core 6[hwt 0]], socket 0[core 7[hwt 0]], socket 0[core 8[hwt 0]], socket 0[core 9[hwt 0]], socket 0[core 10[hwt 0]], socket 0[core 11[hwt 0]]: [B/B/B/B/B/B/B/B/B/B/B/B][./././././././././././.][./././././././././././.][./././././././././././.]
[qp4-node-015:109569] MCW rank 24 bound to socket 0[core 0[hwt 0]], socket 0[core 1[hwt 0]], socket 0[core 2[hwt 0]], socket 0[core 3[hwt 0]], socket 0[core 4[hwt 0]], socket 0[core 5[hwt 0]], socket 0[core 6[hwt 0]], socket 0[core 7[hwt 0]], socket 0[core 8[hwt 0]], socket 0[core 9[hwt 0]], socket 0[core 10[hwt 0]], socket 0[core 11[hwt 0]]: [B/B/B/B/B/B/B/B/B/B/B/B][./././././././././././.][./././././././././././.][./././././././././././.]
[qp4-node-028:64465] MCW rank 62 bound to socket 2[core 24[hwt 0]], socket 2[core 25[hwt 0]], socket 2[core 26[hwt 0]], socket 2[core 27[hwt 0]], socket 2[core 28[hwt 0]], socket 2[core 29[hwt 0]], socket 2[core 30[hwt 0]], socket 2[core 31[hwt 0]], socket 2[core 32[hwt 0]], socket 2[core 33[hwt 0]], socket 2[core 34[hwt 0]], socket 2[core 35[hwt 0]]: [./././././././././././.][./././././././././././.][B/B/B/B/B/B/B/B/B/B/B/B][./././././././././././.]
[qp4-node-024:141578] MCW rank 45 bound to socket 1[core 12[hwt 0]], socket 1[core 13[hwt 0]], socket 1[core 14[hwt 0]], socket 1[core 15[hwt 0]], socket 1[core 16[hwt 0]], socket 1[core 17[hwt 0]], socket 1[core 18[hwt 0]], socket 1[core 19[hwt 0]], socket 1[core 20[hwt 0]], socket 1[core 21[hwt 0]], socket 1[core 22[hwt 0]], socket 1[core 23[hwt 0]]: [./././././././././././.][B/B/B/B/B/B/B/B/B/B/B/B][./././././././././././.][./././././././././././.]
[qp4-node-015:109569] MCW rank 25 bound to socket 1[core 12[hwt 0]], socket 1[core 13[hwt 0]], socket 1[core 14[hwt 0]], socket 1[core 15[hwt 0]], socket 1[core 16[hwt 0]], socket 1[core 17[hwt 0]], socket 1[core 18[hwt 0]], socket 1[core 19[hwt 0]], socket 1[core 20[hwt 0]], socket 1[core 21[hwt 0]], socket 1[core 22[hwt 0]], socket 1[core 23[hwt 0]]: [./././././././././././.][B/B/B/B/B/B/B/B/B/B/B/B][./././././././././././.][./././././././././././.]
[qp4-node-028:64465] MCW rank 63 bound to socket 3[core 36[hwt 0]], socket 3[core 37[hwt 0]], socket 3[core 38[hwt 0]], socket 3[core 39[hwt 0]], socket 3[core 40[hwt 0]], socket 3[core 41[hwt 0]], socket 3[core 42[hwt 0]], socket 3[core 43[hwt 0]], socket 3[core 44[hwt 0]], socket 3[core 45[hwt 0]], socket 3[core 46[hwt 0]], socket 3[core 47[hwt 0]]: [./././././././././././.][./././././././././././.][./././././././././././.][B/B/B/B/B/B/B/B/B/B/B/B]
[qp4-node-025:100820] MCW rank 50 bound to socket 2[core 24[hwt 0]], socket 2[core 25[hwt 0]], socket 2[core 26[hwt 0]], socket 2[core 27[hwt 0]], socket 2[core 28[hwt 0]], socket 2[core 29[hwt 0]], socket 2[core 30[hwt 0]], socket 2[core 31[hwt 0]], socket 2[core 32[hwt 0]], socket 2[core 33[hwt 0]], socket 2[core 34[hwt 0]], socket 2[core 35[hwt 0]]: [./././././././././././.][./././././././././././.][B/B/B/B/B/B/B/B/B/B/B/B][./././././././././././.]
[qp4-node-010:117730] MCW rank 4 bound to socket 0[core 0[hwt 0]], socket 0[core 1[hwt 0]], socket 0[core 2[hwt 0]], socket 0[core 3[hwt 0]], socket 0[core 4[hwt 0]], socket 0[core 5[hwt 0]], socket 0[core 6[hwt 0]], socket 0[core 7[hwt 0]], socket 0[core 8[hwt 0]], socket 0[core 9[hwt 0]], socket 0[core 10[hwt 0]], socket 0[core 11[hwt 0]]: [B/B/B/B/B/B/B/B/B/B/B/B][./././././././././././.][./././././././././././.][./././././././././././.]
[qp4-node-027:134865] MCW rank 56 bound to socket 0[core 0[hwt 0]], socket 0[core 1[hwt 0]], socket 0[core 2[hwt 0]], socket 0[core 3[hwt 0]], socket 0[core 4[hwt 0]], socket 0[core 5[hwt 0]], socket 0[core 6[hwt 0]], socket 0[core 7[hwt 0]], socket 0[core 8[hwt 0]], socket 0[core 9[hwt 0]], socket 0[core 10[hwt 0]], socket 0[core 11[hwt 0]]: [B/B/B/B/B/B/B/B/B/B/B/B][./././././././././././.][./././././././././././.][./././././././././././.]
[qp4-node-014:110050] MCW rank 20 bound to socket 0[core 0[hwt 0]], socket 0[core 1[hwt 0]], socket 0[core 2[hwt 0]], socket 0[core 3[hwt 0]], socket 0[core 4[hwt 0]], socket 0[core 5[hwt 0]], socket 0[core 6[hwt 0]], socket 0[core 7[hwt 0]], socket 0[core 8[hwt 0]], socket 0[core 9[hwt 0]], socket 0[core 10[hwt 0]], socket 0[core 11[hwt 0]]: [B/B/B/B/B/B/B/B/B/B/B/B][./././././././././././.][./././././././././././.][./././././././././././.]
[qp4-node-022:249471] MCW rank 37 bound to socket 1[core 12[hwt 0]], socket 1[core 13[hwt 0]], socket 1[core 14[hwt 0]], socket 1[core 15[hwt 0]], socket 1[core 16[hwt 0]], socket 1[core 17[hwt 0]], socket 1[core 18[hwt 0]], socket 1[core 19[hwt 0]], socket 1[core 20[hwt 0]], socket 1[core 21[hwt 0]], socket 1[core 22[hwt 0]], socket 1[core 23[hwt 0]]: [./././././././././././.][B/B/B/B/B/B/B/B/B/B/B/B][./././././././././././.][./././././././././././.]
[qp4-node-026:87145] MCW rank 53 bound to socket 1[core 12[hwt 0]], socket 1[core 13[hwt 0]], socket 1[core 14[hwt 0]], socket 1[core 15[hwt 0]], socket 1[core 16[hwt 0]], socket 1[core 17[hwt 0]], socket 1[core 18[hwt 0]], socket 1[core 19[hwt 0]], socket 1[core 20[hwt 0]], socket 1[core 21[hwt 0]], socket 1[core 22[hwt 0]], socket 1[core 23[hwt 0]]: [./././././././././././.][B/B/B/B/B/B/B/B/B/B/B/B][./././././././././././.][./././././././././././.]
[qp4-node-027:134865] MCW rank 57 bound to socket 1[core 12[hwt 0]], socket 1[core 13[hwt 0]], socket 1[core 14[hwt 0]], socket 1[core 15[hwt 0]], socket 1[core 16[hwt 0]], socket 1[core 17[hwt 0]], socket 1[core 18[hwt 0]], socket 1[core 19[hwt 0]], socket 1[core 20[hwt 0]], socket 1[core 21[hwt 0]], socket 1[core 22[hwt 0]], socket 1[core 23[hwt 0]]: [./././././././././././.][B/B/B/B/B/B/B/B/B/B/B/B][./././././././././././.][./././././././././././.]
[qp4-node-011:116103] MCW rank 8 bound to socket 0[core 0[hwt 0]], socket 0[core 1[hwt 0]], socket 0[core 2[hwt 0]], socket 0[core 3[hwt 0]], socket 0[core 4[hwt 0]], socket 0[core 5[hwt 0]], socket 0[core 6[hwt 0]], socket 0[core 7[hwt 0]], socket 0[core 8[hwt 0]], socket 0[core 9[hwt 0]], socket 0[core 10[hwt 0]], socket 0[core 11[hwt 0]]: [B/B/B/B/B/B/B/B/B/B/B/B][./././././././././././.][./././././././././././.][./././././././././././.]
[qp4-node-014:110050] MCW rank 21 bound to socket 1[core 12[hwt 0]], socket 1[core 13[hwt 0]], socket 1[core 14[hwt 0]], socket 1[core 15[hwt 0]], socket 1[core 16[hwt 0]], socket 1[core 17[hwt 0]], socket 1[core 18[hwt 0]], socket 1[core 19[hwt 0]], socket 1[core 20[hwt 0]], socket 1[core 21[hwt 0]], socket 1[core 22[hwt 0]], socket 1[core 23[hwt 0]]: [./././././././././././.][B/B/B/B/B/B/B/B/B/B/B/B][./././././././././././.][./././././././././././.]
[qp4-node-024:141578] MCW rank 46 bound to socket 2[core 24[hwt 0]], socket 2[core 25[hwt 0]], socket 2[core 26[hwt 0]], socket 2[core 27[hwt 0]], socket 2[core 28[hwt 0]], socket 2[core 29[hwt 0]], socket 2[core 30[hwt 0]], socket 2[core 31[hwt 0]], socket 2[core 32[hwt 0]], socket 2[core 33[hwt 0]], socket 2[core 34[hwt 0]], socket 2[core 35[hwt 0]]: [./././././././././././.][./././././././././././.][B/B/B/B/B/B/B/B/B/B/B/B][./././././././././././.]
[qp4-node-015:109569] MCW rank 26 bound to socket 2[core 24[hwt 0]], socket 2[core 25[hwt 0]], socket 2[core 26[hwt 0]], socket 2[core 27[hwt 0]], socket 2[core 28[hwt 0]], socket 2[core 29[hwt 0]], socket 2[core 30[hwt 0]], socket 2[core 31[hwt 0]], socket 2[core 32[hwt 0]], socket 2[core 33[hwt 0]], socket 2[core 34[hwt 0]], socket 2[core 35[hwt 0]]: [./././././././././././.][./././././././././././.][B/B/B/B/B/B/B/B/B/B/B/B][./././././././././././.]
[qp4-node-025:100820] MCW rank 51 bound to socket 3[core 36[hwt 0]], socket 3[core 37[hwt 0]], socket 3[core 38[hwt 0]], socket 3[core 39[hwt 0]], socket 3[core 40[hwt 0]], socket 3[core 41[hwt 0]], socket 3[core 42[hwt 0]], socket 3[core 43[hwt 0]], socket 3[core 44[hwt 0]], socket 3[core 45[hwt 0]], socket 3[core 46[hwt 0]], socket 3[core 47[hwt 0]]: [./././././././././././.][./././././././././././.][./././././././././././.][B/B/B/B/B/B/B/B/B/B/B/B]
[qp4-node-010:117730] MCW rank 5 bound to socket 1[core 12[hwt 0]], socket 1[core 13[hwt 0]], socket 1[core 14[hwt 0]], socket 1[core 15[hwt 0]], socket 1[core 16[hwt 0]], socket 1[core 17[hwt 0]], socket 1[core 18[hwt 0]], socket 1[core 19[hwt 0]], socket 1[core 20[hwt 0]], socket 1[core 21[hwt 0]], socket 1[core 22[hwt 0]], socket 1[core 23[hwt 0]]: [./././././././././././.][B/B/B/B/B/B/B/B/B/B/B/B][./././././././././././.][./././././././././././.]
[qp4-node-022:249471] MCW rank 38 bound to socket 2[core 24[hwt 0]], socket 2[core 25[hwt 0]], socket 2[core 26[hwt 0]], socket 2[core 27[hwt 0]], socket 2[core 28[hwt 0]], socket 2[core 29[hwt 0]], socket 2[core 30[hwt 0]], socket 2[core 31[hwt 0]], socket 2[core 32[hwt 0]], socket 2[core 33[hwt 0]], socket 2[core 34[hwt 0]], socket 2[core 35[hwt 0]]: [./././././././././././.][./././././././././././.][B/B/B/B/B/B/B/B/B/B/B/B][./././././././././././.]
[qp4-node-026:87145] MCW rank 54 bound to socket 2[core 24[hwt 0]], socket 2[core 25[hwt 0]], socket 2[core 26[hwt 0]], socket 2[core 27[hwt 0]], socket 2[core 28[hwt 0]], socket 2[core 29[hwt 0]], socket 2[core 30[hwt 0]], socket 2[core 31[hwt 0]], socket 2[core 32[hwt 0]], socket 2[core 33[hwt 0]], socket 2[core 34[hwt 0]], socket 2[core 35[hwt 0]]: [./././././././././././.][./././././././././././.][B/B/B/B/B/B/B/B/B/B/B/B][./././././././././././.]
[qp4-node-011:116103] MCW rank 9 bound to socket 1[core 12[hwt 0]], socket 1[core 13[hwt 0]], socket 1[core 14[hwt 0]], socket 1[core 15[hwt 0]], socket 1[core 16[hwt 0]], socket 1[core 17[hwt 0]], socket 1[core 18[hwt 0]], socket 1[core 19[hwt 0]], socket 1[core 20[hwt 0]], socket 1[core 21[hwt 0]], socket 1[core 22[hwt 0]], socket 1[core 23[hwt 0]]: [./././././././././././.][B/B/B/B/B/B/B/B/B/B/B/B][./././././././././././.][./././././././././././.]
[qp4-node-014:110050] MCW rank 22 bound to socket 2[core 24[hwt 0]], socket 2[core 25[hwt 0]], socket 2[core 26[hwt 0]], socket 2[core 27[hwt 0]], socket 2[core 28[hwt 0]], socket 2[core 29[hwt 0]], socket 2[core 30[hwt 0]], socket 2[core 31[hwt 0]], socket 2[core 32[hwt 0]], socket 2[core 33[hwt 0]], socket 2[core 34[hwt 0]], socket 2[core 35[hwt 0]]: [./././././././././././.][./././././././././././.][B/B/B/B/B/B/B/B/B/B/B/B][./././././././././././.]
[qp4-node-024:141578] MCW rank 47 bound to socket 3[core 36[hwt 0]], socket 3[core 37[hwt 0]], socket 3[core 38[hwt 0]], socket 3[core 39[hwt 0]], socket 3[core 40[hwt 0]], socket 3[core 41[hwt 0]], socket 3[core 42[hwt 0]], socket 3[core 43[hwt 0]], socket 3[core 44[hwt 0]], socket 3[core 45[hwt 0]], socket 3[core 46[hwt 0]], socket 3[core 47[hwt 0]]: [./././././././././././.][./././././././././././.][./././././././././././.][B/B/B/B/B/B/B/B/B/B/B/B]
[qp4-node-015:109569] MCW rank 27 bound to socket 3[core 36[hwt 0]], socket 3[core 37[hwt 0]], socket 3[core 38[hwt 0]], socket 3[core 39[hwt 0]], socket 3[core 40[hwt 0]], socket 3[core 41[hwt 0]], socket 3[core 42[hwt 0]], socket 3[core 43[hwt 0]], socket 3[core 44[hwt 0]], socket 3[core 45[hwt 0]], socket 3[core 46[hwt 0]], socket 3[core 47[hwt 0]]: [./././././././././././.][./././././././././././.][./././././././././././.][B/B/B/B/B/B/B/B/B/B/B/B]
[qp4-node-025:100820] MCW rank 48 bound to socket 0[core 0[hwt 0]], socket 0[core 1[hwt 0]], socket 0[core 2[hwt 0]], socket 0[core 3[hwt 0]], socket 0[core 4[hwt 0]], socket 0[core 5[hwt 0]], socket 0[core 6[hwt 0]], socket 0[core 7[hwt 0]], socket 0[core 8[hwt 0]], socket 0[core 9[hwt 0]], socket 0[core 10[hwt 0]], socket 0[core 11[hwt 0]]: [B/B/B/B/B/B/B/B/B/B/B/B][./././././././././././.][./././././././././././.][./././././././././././.]
[qp4-node-010:117730] MCW rank 6 bound to socket 2[core 24[hwt 0]], socket 2[core 25[hwt 0]], socket 2[core 26[hwt 0]], socket 2[core 27[hwt 0]], socket 2[core 28[hwt 0]], socket 2[core 29[hwt 0]], socket 2[core 30[hwt 0]], socket 2[core 31[hwt 0]], socket 2[core 32[hwt 0]], socket 2[core 33[hwt 0]], socket 2[core 34[hwt 0]], socket 2[core 35[hwt 0]]: [./././././././././././.][./././././././././././.][B/B/B/B/B/B/B/B/B/B/B/B][./././././././././././.]
[qp4-node-022:249471] MCW rank 39 bound to socket 3[core 36[hwt 0]], socket 3[core 37[hwt 0]], socket 3[core 38[hwt 0]], socket 3[core 39[hwt 0]], socket 3[core 40[hwt 0]], socket 3[core 41[hwt 0]], socket 3[core 42[hwt 0]], socket 3[core 43[hwt 0]], socket 3[core 44[hwt 0]], socket 3[core 45[hwt 0]], socket 3[core 46[hwt 0]], socket 3[core 47[hwt 0]]: [./././././././././././.][./././././././././././.][./././././././././././.][B/B/B/B/B/B/B/B/B/B/B/B]
[qp4-node-026:87145] MCW rank 55 bound to socket 3[core 36[hwt 0]], socket 3[core 37[hwt 0]], socket 3[core 38[hwt 0]], socket 3[core 39[hwt 0]], socket 3[core 40[hwt 0]], socket 3[core 41[hwt 0]], socket 3[core 42[hwt 0]], socket 3[core 43[hwt 0]], socket 3[core 44[hwt 0]], socket 3[core 45[hwt 0]], socket 3[core 46[hwt 0]], socket 3[core 47[hwt 0]]: [./././././././././././.][./././././././././././.][./././././././././././.][B/B/B/B/B/B/B/B/B/B/B/B]
[qp4-node-011:116103] MCW rank 10 bound to socket 2[core 24[hwt 0]], socket 2[core 25[hwt 0]], socket 2[core 26[hwt 0]], socket 2[core 27[hwt 0]], socket 2[core 28[hwt 0]], socket 2[core 29[hwt 0]], socket 2[core 30[hwt 0]], socket 2[core 31[hwt 0]], socket 2[core 32[hwt 0]], socket 2[core 33[hwt 0]], socket 2[core 34[hwt 0]], socket 2[core 35[hwt 0]]: [./././././././././././.][./././././././././././.][B/B/B/B/B/B/B/B/B/B/B/B][./././././././././././.]
[qp4-node-014:110050] MCW rank 23 bound to socket 3[core 36[hwt 0]], socket 3[core 37[hwt 0]], socket 3[core 38[hwt 0]], socket 3[core 39[hwt 0]], socket 3[core 40[hwt 0]], socket 3[core 41[hwt 0]], socket 3[core 42[hwt 0]], socket 3[core 43[hwt 0]], socket 3[core 44[hwt 0]], socket 3[core 45[hwt 0]], socket 3[core 46[hwt 0]], socket 3[core 47[hwt 0]]: [./././././././././././.][./././././././././././.][./././././././././././.][B/B/B/B/B/B/B/B/B/B/B/B]
[qp4-node-021:270272] MCW rank 34 bound to socket 2[core 24[hwt 0]], socket 2[core 25[hwt 0]], socket 2[core 26[hwt 0]], socket 2[core 27[hwt 0]], socket 2[core 28[hwt 0]], socket 2[core 29[hwt 0]], socket 2[core 30[hwt 0]], socket 2[core 31[hwt 0]], socket 2[core 32[hwt 0]], socket 2[core 33[hwt 0]], socket 2[core 34[hwt 0]], socket 2[core 35[hwt 0]]: [./././././././././././.][./././././././././././.][B/B/B/B/B/B/B/B/B/B/B/B][./././././././././././.]
[qp4-node-025:100820] MCW rank 49 bound to socket 1[core 12[hwt 0]], socket 1[core 13[hwt 0]], socket 1[core 14[hwt 0]], socket 1[core 15[hwt 0]], socket 1[core 16[hwt 0]], socket 1[core 17[hwt 0]], socket 1[core 18[hwt 0]], socket 1[core 19[hwt 0]], socket 1[core 20[hwt 0]], socket 1[core 21[hwt 0]], socket 1[core 22[hwt 0]], socket 1[core 23[hwt 0]]: [./././././././././././.][B/B/B/B/B/B/B/B/B/B/B/B][./././././././././././.][./././././././././././.]
[qp4-node-010:117730] MCW rank 7 bound to socket 3[core 36[hwt 0]], socket 3[core 37[hwt 0]], socket 3[core 38[hwt 0]], socket 3[core 39[hwt 0]], socket 3[core 40[hwt 0]], socket 3[core 41[hwt 0]], socket 3[core 42[hwt 0]], socket 3[core 43[hwt 0]], socket 3[core 44[hwt 0]], socket 3[core 45[hwt 0]], socket 3[core 46[hwt 0]], socket 3[core 47[hwt 0]]: [./././././././././././.][./././././././././././.][./././././././././././.][B/B/B/B/B/B/B/B/B/B/B/B]
[qp4-node-022:249471] MCW rank 36 bound to socket 0[core 0[hwt 0]], socket 0[core 1[hwt 0]], socket 0[core 2[hwt 0]], socket 0[core 3[hwt 0]], socket 0[core 4[hwt 0]], socket 0[core 5[hwt 0]], socket 0[core 6[hwt 0]], socket 0[core 7[hwt 0]], socket 0[core 8[hwt 0]], socket 0[core 9[hwt 0]], socket 0[core 10[hwt 0]], socket 0[core 11[hwt 0]]: [B/B/B/B/B/B/B/B/B/B/B/B][./././././././././././.][./././././././././././.][./././././././././././.]
[qp4-node-023:305336] MCW rank 41 bound to socket 1[core 12[hwt 0]], socket 1[core 13[hwt 0]], socket 1[core 14[hwt 0]], socket 1[core 15[hwt 0]], socket 1[core 16[hwt 0]], socket 1[core 17[hwt 0]], socket 1[core 18[hwt 0]], socket 1[core 19[hwt 0]], socket 1[core 20[hwt 0]], socket 1[core 21[hwt 0]], socket 1[core 22[hwt 0]], socket 1[core 23[hwt 0]]: [./././././././././././.][B/B/B/B/B/B/B/B/B/B/B/B][./././././././././././.][./././././././././././.]
[qp4-node-026:87145] MCW rank 52 bound to socket 0[core 0[hwt 0]], socket 0[core 1[hwt 0]], socket 0[core 2[hwt 0]], socket 0[core 3[hwt 0]], socket 0[core 4[hwt 0]], socket 0[core 5[hwt 0]], socket 0[core 6[hwt 0]], socket 0[core 7[hwt 0]], socket 0[core 8[hwt 0]], socket 0[core 9[hwt 0]], socket 0[core 10[hwt 0]], socket 0[core 11[hwt 0]]: [B/B/B/B/B/B/B/B/B/B/B/B][./././././././././././.][./././././././././././.][./././././././././././.]
[qp4-node-011:116103] MCW rank 11 bound to socket 3[core 36[hwt 0]], socket 3[core 37[hwt 0]], socket 3[core 38[hwt 0]], socket 3[core 39[hwt 0]], socket 3[core 40[hwt 0]], socket 3[core 41[hwt 0]], socket 3[core 42[hwt 0]], socket 3[core 43[hwt 0]], socket 3[core 44[hwt 0]], socket 3[core 45[hwt 0]], socket 3[core 46[hwt 0]], socket 3[core 47[hwt 0]]: [./././././././././././.][./././././././././././.][./././././././././././.][B/B/B/B/B/B/B/B/B/B/B/B]
[qp4-node-021:270272] MCW rank 35 bound to socket 3[core 36[hwt 0]], socket 3[core 37[hwt 0]], socket 3[core 38[hwt 0]], socket 3[core 39[hwt 0]], socket 3[core 40[hwt 0]], socket 3[core 41[hwt 0]], socket 3[core 42[hwt 0]], socket 3[core 43[hwt 0]], socket 3[core 44[hwt 0]], socket 3[core 45[hwt 0]], socket 3[core 46[hwt 0]], socket 3[core 47[hwt 0]]: [./././././././././././.][./././././././././././.][./././././././././././.][B/B/B/B/B/B/B/B/B/B/B/B]
[qp4-node-023:305336] MCW rank 42 bound to socket 2[core 24[hwt 0]], socket 2[core 25[hwt 0]], socket 2[core 26[hwt 0]], socket 2[core 27[hwt 0]], socket 2[core 28[hwt 0]], socket 2[core 29[hwt 0]], socket 2[core 30[hwt 0]], socket 2[core 31[hwt 0]], socket 2[core 32[hwt 0]], socket 2[core 33[hwt 0]], socket 2[core 34[hwt 0]], socket 2[core 35[hwt 0]]: [./././././././././././.][./././././././././././.][B/B/B/B/B/B/B/B/B/B/B/B][./././././././././././.]
[qp4-node-021:270272] MCW rank 32 bound to socket 0[core 0[hwt 0]], socket 0[core 1[hwt 0]], socket 0[core 2[hwt 0]], socket 0[core 3[hwt 0]], socket 0[core 4[hwt 0]], socket 0[core 5[hwt 0]], socket 0[core 6[hwt 0]], socket 0[core 7[hwt 0]], socket 0[core 8[hwt 0]], socket 0[core 9[hwt 0]], socket 0[core 10[hwt 0]], socket 0[core 11[hwt 0]]: [B/B/B/B/B/B/B/B/B/B/B/B][./././././././././././.][./././././././././././.][./././././././././././.]
[qp4-node-021:270272] MCW rank 33 bound to socket 1[core 12[hwt 0]], socket 1[core 13[hwt 0]], socket 1[core 14[hwt 0]], socket 1[core 15[hwt 0]], socket 1[core 16[hwt 0]], socket 1[core 17[hwt 0]], socket 1[core 18[hwt 0]], socket 1[core 19[hwt 0]], socket 1[core 20[hwt 0]], socket 1[core 21[hwt 0]], socket 1[core 22[hwt 0]], socket 1[core 23[hwt 0]]: [./././././././././././.][B/B/B/B/B/B/B/B/B/B/B/B][./././././././././././.][./././././././././././.]
[qp4-node-023:305336] MCW rank 43 bound to socket 3[core 36[hwt 0]], socket 3[core 37[hwt 0]], socket 3[core 38[hwt 0]], socket 3[core 39[hwt 0]], socket 3[core 40[hwt 0]], socket 3[core 41[hwt 0]], socket 3[core 42[hwt 0]], socket 3[core 43[hwt 0]], socket 3[core 44[hwt 0]], socket 3[core 45[hwt 0]], socket 3[core 46[hwt 0]], socket 3[core 47[hwt 0]]: [./././././././././././.][./././././././././././.][./././././././././././.][B/B/B/B/B/B/B/B/B/B/B/B]
[qp4-node-023:305336] MCW rank 40 bound to socket 0[core 0[hwt 0]], socket 0[core 1[hwt 0]], socket 0[core 2[hwt 0]], socket 0[core 3[hwt 0]], socket 0[core 4[hwt 0]], socket 0[core 5[hwt 0]], socket 0[core 6[hwt 0]], socket 0[core 7[hwt 0]], socket 0[core 8[hwt 0]], socket 0[core 9[hwt 0]], socket 0[core 10[hwt 0]], socket 0[core 11[hwt 0]]: [B/B/B/B/B/B/B/B/B/B/B/B][./././././././././././.][./././././././././././.][./././././././././././.]
[qp4-node-013:733947] MCW rank 18 bound to socket 2[core 24[hwt 0]], socket 2[core 25[hwt 0]], socket 2[core 26[hwt 0]], socket 2[core 27[hwt 0]], socket 2[core 28[hwt 0]], socket 2[core 29[hwt 0]], socket 2[core 30[hwt 0]], socket 2[core 31[hwt 0]], socket 2[core 32[hwt 0]], socket 2[core 33[hwt 0]], socket 2[core 34[hwt 0]], socket 2[core 35[hwt 0]]: [./././././././././././.][./././././././././././.][B/B/B/B/B/B/B/B/B/B/B/B][./././././././././././.]
[qp4-node-013:733947] MCW rank 19 bound to socket 3[core 36[hwt 0]], socket 3[core 37[hwt 0]], socket 3[core 38[hwt 0]], socket 3[core 39[hwt 0]], socket 3[core 40[hwt 0]], socket 3[core 41[hwt 0]], socket 3[core 42[hwt 0]], socket 3[core 43[hwt 0]], socket 3[core 44[hwt 0]], socket 3[core 45[hwt 0]], socket 3[core 46[hwt 0]], socket 3[core 47[hwt 0]]: [./././././././././././.][./././././././././././.][./././././././././././.][B/B/B/B/B/B/B/B/B/B/B/B]
[qp4-node-013:733947] MCW rank 16 bound to socket 0[core 0[hwt 0]], socket 0[core 1[hwt 0]], socket 0[core 2[hwt 0]], socket 0[core 3[hwt 0]], socket 0[core 4[hwt 0]], socket 0[core 5[hwt 0]], socket 0[core 6[hwt 0]], socket 0[core 7[hwt 0]], socket 0[core 8[hwt 0]], socket 0[core 9[hwt 0]], socket 0[core 10[hwt 0]], socket 0[core 11[hwt 0]]: [B/B/B/B/B/B/B/B/B/B/B/B][./././././././././././.][./././././././././././.][./././././././././././.]
[qp4-node-013:733947] MCW rank 17 bound to socket 1[core 12[hwt 0]], socket 1[core 13[hwt 0]], socket 1[core 14[hwt 0]], socket 1[core 15[hwt 0]], socket 1[core 16[hwt 0]], socket 1[core 17[hwt 0]], socket 1[core 18[hwt 0]], socket 1[core 19[hwt 0]], socket 1[core 20[hwt 0]], socket 1[core 21[hwt 0]], socket 1[core 22[hwt 0]], socket 1[core 23[hwt 0]]: [./././././././././././.][B/B/B/B/B/B/B/B/B/B/B/B][./././././././././././.][./././././././././././.]
[qp4-node-012:116318:0:116322] Caught signal 11 (Segmentation fault: address not mapped to object at address 0x400001109800)
[qp4-node-028:64471:0:64475] Caught signal 11 (Segmentation fault: address not mapped to object at address 0x400001109800)
[qp4-node-028:64468:0:64473] Caught signal 11 (Segmentation fault: address not mapped to object at address 0x400001109800)
[qp4-node-025:100832:0:100836] Caught signal 11 (Segmentation fault: address not mapped to object at address 0x400001109800)
[qp4-node-025:100826:0:100834] Caught signal 11 (Segmentation fault: address not mapped to object at address 0x400001109800)
[qp4-node-011:116110:0:116114] Caught signal 11 (Segmentation fault: address not mapped to object at address 0x400001109800)
[qp4-node-010:117734:0:117739] Caught signal 11 (Segmentation fault: address not mapped to object at address 0x400001109800)
[qp4-node-010:117737:0:117741] Caught signal 11 (Segmentation fault: address not mapped to object at address 0x400001109800)
[qp4-node-012:116316:0:116320] Caught signal 11 (Segmentation fault: address not mapped to object at address 0x400001109800)
[qp4-node-012:116315:0:116319] Caught signal 11 (Segmentation fault: address not mapped to object at address 0x400001109800)
[qp4-node-012:116317:0:116321] Caught signal 11 (Segmentation fault: address not mapped to object at address 0x400001109800)
[qp4-node-009:143506:0:143510] Caught signal 11 (Segmentation fault: address not mapped to object at address 0x400001109800)
[qp4-node-027:134877:0:134881] Caught signal 11 (Segmentation fault: address not mapped to object at address 0x400001109800)
[qp4-node-009:143509:0:143514] Caught signal 11 (Segmentation fault: address not mapped to object at address 0x400001109800)
[qp4-node-009:143507:0:143511] Caught signal 11 (Segmentation fault: address not mapped to object at address 0x400001109800)
[qp4-node-009:143508:0:143512] Caught signal 11 (Segmentation fault: address not mapped to object at address 0x400001109800)
[qp4-node-028:64469:0:64472] Caught signal 11 (Segmentation fault: address not mapped to object at address 0x400001109800)
[qp4-node-027:134871:0:134878] Caught signal 11 (Segmentation fault: address not mapped to object at address 0x400001109800)
[qp4-node-028:64470:0:64474] Caught signal 11 (Segmentation fault: address not mapped to object at address 0x400001109800)
[qp4-node-024:141584:0:141588] Caught signal 11 (Segmentation fault: address not mapped to object at address 0x400001109800)
[qp4-node-024:141581:0:141585] Caught signal 11 (Segmentation fault: address not mapped to object at address 0x400001109800)
[qp4-node-026:87151:0:87158] Caught signal 11 (Segmentation fault: address not mapped to object at address 0x400001109800)
[qp4-node-021:270278:0:270287] Caught signal 11 (Segmentation fault: address not mapped to object at address 0x400001109800)
[qp4-node-021:270285:0:270289] Caught signal 11 (Segmentation fault: address not mapped to object at address 0x400001109800)
[qp4-node-013:733950:0:733954] Caught signal 11 (Segmentation fault: address not mapped to object at address 0x400001109800)
[qp4-node-016:109508:0:109512] Caught signal 11 (Segmentation fault: address not mapped to object at address 0x400001109800)
[qp4-node-013:733953:0:733960] Caught signal 11 (Segmentation fault: address not mapped to object at address 0x400001109800)
[qp4-node-016:109505:0:109510] Caught signal 11 (Segmentation fault: address not mapped to object at address 0x400001109800)
[qp4-node-011:116107:0:116111] Caught signal 11 (Segmentation fault: address not mapped to object at address 0x400001109800)
[qp4-node-026:87157:0:87161] Caught signal 11 (Segmentation fault: address not mapped to object at address 0x400001109800)
[qp4-node-024:141582:0:141586] Caught signal 11 (Segmentation fault: address not mapped to object at address 0x400001109800)
[qp4-node-026:87155:0:87159] Caught signal 11 (Segmentation fault: address not mapped to object at address 0x400001109800)
[qp4-node-026:87156:0:87160] Caught signal 11 (Segmentation fault: address not mapped to object at address 0x400001109800)
[qp4-node-025:100830:0:100833] Caught signal 11 (Segmentation fault: address not mapped to object at address 0x400001109800)
[qp4-node-025:100831:0:100835] Caught signal 11 (Segmentation fault: address not mapped to object at address 0x400001109800)
[qp4-node-021:270284:0:270288] Caught signal 11 (Segmentation fault: address not mapped to object at address 0x400001109800)
[qp4-node-016:109507:0:109511] Caught signal 11 (Segmentation fault: address not mapped to object at address 0x400001109800)
[qp4-node-013:733952:0:733956] Caught signal 11 (Segmentation fault: address not mapped to object at address 0x400001109800)
[qp4-node-016:109506:0:109509] Caught signal 11 (Segmentation fault: address not mapped to object at address 0x400001109800)
[qp4-node-013:733951:0:733955] Caught signal 11 (Segmentation fault: address not mapped to object at address 0x400001109800)
[qp4-node-014:110057:0:110061] Caught signal 11 (Segmentation fault: address not mapped to object at address 0x400001109800)
[qp4-node-014:110054:0:110058] Caught signal 11 (Segmentation fault: address not mapped to object at address 0x400001109800)
[qp4-node-023:305348:0:305352] Caught signal 11 (Segmentation fault: address not mapped to object at address 0x400001109800)
[qp4-node-023:305342:0:305350] Caught signal 11 (Segmentation fault: address not mapped to object at address 0x400001109800)
[qp4-node-011:116109:0:116113] Caught signal 11 (Segmentation fault: address not mapped to object at address 0x400001109800)
[qp4-node-015:109576:0:109580] Caught signal 11 (Segmentation fault: address not mapped to object at address 0x400001109800)
[qp4-node-015:109573:0:109578] Caught signal 11 (Segmentation fault: address not mapped to object at address 0x400001109800)
[qp4-node-010:117736:0:117740] Caught signal 11 (Segmentation fault: address not mapped to object at address 0x400001109800)
[qp4-node-010:117735:0:117738] Caught signal 11 (Segmentation fault: address not mapped to object at address 0x400001109800)
[qp4-node-027:134875:0:134879] Caught signal 11 (Segmentation fault: address not mapped to object at address 0x400001109800)
[qp4-node-027:134876:0:134880] Caught signal 11 (Segmentation fault: address not mapped to object at address 0x400001109800)
[qp4-node-024:141583:0:141587] Caught signal 11 (Segmentation fault: address not mapped to object at address 0x400001109800)
[qp4-node-022:249483:0:249487] Caught signal 11 (Segmentation fault: address not mapped to object at address 0x400001109800)
[qp4-node-022:249477:0:249485] Caught signal 11 (Segmentation fault: address not mapped to object at address 0x400001109800)
[qp4-node-021:270282:0:270286] Caught signal 11 (Segmentation fault: address not mapped to object at address 0x400001109800)
[qp4-node-011:116108:0:116112] Caught signal 11 (Segmentation fault: address not mapped to object at address 0x400001109800)
[qp4-node-023:305347:0:305351] Caught signal 11 (Segmentation fault: address not mapped to object at address 0x400001109800)
[qp4-node-023:305346:0:305349] Caught signal 11 (Segmentation fault: address not mapped to object at address 0x400001109800)
[qp4-node-015:109575:0:109579] Caught signal 11 (Segmentation fault: address not mapped to object at address 0x400001109800)
[qp4-node-015:109574:0:109577] Caught signal 11 (Segmentation fault: address not mapped to object at address 0x400001109800)
[qp4-node-022:249481:0:249484] Caught signal 11 (Segmentation fault: address not mapped to object at address 0x400001109800)
[qp4-node-014:110055:0:110059] Caught signal 11 (Segmentation fault: address not mapped to object at address 0x400001109800)
[qp4-node-014:110056:0:110060] Caught signal 11 (Segmentation fault: address not mapped to object at address 0x400001109800)
[qp4-node-022:249482:0:249486] Caught signal 11 (Segmentation fault: address not mapped to object at address 0x400001109800)
--------------------------------------------------------------------------
Primary job  terminated normally, but 1 process returned
a non-zero exit code. Per user-direction, the job has been aborted.
--------------------------------------------------------------------------
--------------------------------------------------------------------------
mpirun noticed that process rank 55 with PID 87157 on node qp4-node-026 exited on signal 11 (Segmentation fault).
--------------------------------------------------------------------------
8 total processes killed (some possibly by mpirun during cleanup)
