[qp4-node-021:243605] MCW rank 0 bound to socket 0[core 0[hwt 0]], socket 0[core 1[hwt 0]], socket 0[core 2[hwt 0]], socket 0[core 3[hwt 0]], socket 0[core 4[hwt 0]], socket 0[core 5[hwt 0]], socket 0[core 6[hwt 0]], socket 0[core 7[hwt 0]], socket 0[core 8[hwt 0]], socket 0[core 9[hwt 0]], socket 0[core 10[hwt 0]], socket 0[core 11[hwt 0]]: [B/B/B/B/B/B/B/B/B/B/B/B][./././././././././././.][./././././././././././.][./././././././././././.]
[qp4-node-021:243605] MCW rank 1 bound to socket 1[core 12[hwt 0]], socket 1[core 13[hwt 0]], socket 1[core 14[hwt 0]], socket 1[core 15[hwt 0]], socket 1[core 16[hwt 0]], socket 1[core 17[hwt 0]], socket 1[core 18[hwt 0]], socket 1[core 19[hwt 0]], socket 1[core 20[hwt 0]], socket 1[core 21[hwt 0]], socket 1[core 22[hwt 0]], socket 1[core 23[hwt 0]]: [./././././././././././.][B/B/B/B/B/B/B/B/B/B/B/B][./././././././././././.][./././././././././././.]
[qp4-node-021:243605] MCW rank 2 bound to socket 2[core 24[hwt 0]], socket 2[core 25[hwt 0]], socket 2[core 26[hwt 0]], socket 2[core 27[hwt 0]], socket 2[core 28[hwt 0]], socket 2[core 29[hwt 0]], socket 2[core 30[hwt 0]], socket 2[core 31[hwt 0]], socket 2[core 32[hwt 0]], socket 2[core 33[hwt 0]], socket 2[core 34[hwt 0]], socket 2[core 35[hwt 0]]: [./././././././././././.][./././././././././././.][B/B/B/B/B/B/B/B/B/B/B/B][./././././././././././.]
[qp4-node-021:243605] MCW rank 3 bound to socket 3[core 36[hwt 0]], socket 3[core 37[hwt 0]], socket 3[core 38[hwt 0]], socket 3[core 39[hwt 0]], socket 3[core 40[hwt 0]], socket 3[core 41[hwt 0]], socket 3[core 42[hwt 0]], socket 3[core 43[hwt 0]], socket 3[core 44[hwt 0]], socket 3[core 45[hwt 0]], socket 3[core 46[hwt 0]], socket 3[core 47[hwt 0]]: [./././././././././././.][./././././././././././.][./././././././././././.][B/B/B/B/B/B/B/B/B/B/B/B]
[qp4-node-028:45288] MCW rank 31 bound to socket 3[core 36[hwt 0]], socket 3[core 37[hwt 0]], socket 3[core 38[hwt 0]], socket 3[core 39[hwt 0]], socket 3[core 40[hwt 0]], socket 3[core 41[hwt 0]], socket 3[core 42[hwt 0]], socket 3[core 43[hwt 0]], socket 3[core 44[hwt 0]], socket 3[core 45[hwt 0]], socket 3[core 46[hwt 0]], socket 3[core 47[hwt 0]]: [./././././././././././.][./././././././././././.][./././././././././././.][B/B/B/B/B/B/B/B/B/B/B/B]
[qp4-node-028:45288] MCW rank 28 bound to socket 0[core 0[hwt 0]], socket 0[core 1[hwt 0]], socket 0[core 2[hwt 0]], socket 0[core 3[hwt 0]], socket 0[core 4[hwt 0]], socket 0[core 5[hwt 0]], socket 0[core 6[hwt 0]], socket 0[core 7[hwt 0]], socket 0[core 8[hwt 0]], socket 0[core 9[hwt 0]], socket 0[core 10[hwt 0]], socket 0[core 11[hwt 0]]: [B/B/B/B/B/B/B/B/B/B/B/B][./././././././././././.][./././././././././././.][./././././././././././.]
[qp4-node-028:45288] MCW rank 29 bound to socket 1[core 12[hwt 0]], socket 1[core 13[hwt 0]], socket 1[core 14[hwt 0]], socket 1[core 15[hwt 0]], socket 1[core 16[hwt 0]], socket 1[core 17[hwt 0]], socket 1[core 18[hwt 0]], socket 1[core 19[hwt 0]], socket 1[core 20[hwt 0]], socket 1[core 21[hwt 0]], socket 1[core 22[hwt 0]], socket 1[core 23[hwt 0]]: [./././././././././././.][B/B/B/B/B/B/B/B/B/B/B/B][./././././././././././.][./././././././././././.]
[qp4-node-028:45288] MCW rank 30 bound to socket 2[core 24[hwt 0]], socket 2[core 25[hwt 0]], socket 2[core 26[hwt 0]], socket 2[core 27[hwt 0]], socket 2[core 28[hwt 0]], socket 2[core 29[hwt 0]], socket 2[core 30[hwt 0]], socket 2[core 31[hwt 0]], socket 2[core 32[hwt 0]], socket 2[core 33[hwt 0]], socket 2[core 34[hwt 0]], socket 2[core 35[hwt 0]]: [./././././././././././.][./././././././././././.][B/B/B/B/B/B/B/B/B/B/B/B][./././././././././././.]
[qp4-node-024:120831] MCW rank 12 bound to socket 0[core 0[hwt 0]], socket 0[core 1[hwt 0]], socket 0[core 2[hwt 0]], socket 0[core 3[hwt 0]], socket 0[core 4[hwt 0]], socket 0[core 5[hwt 0]], socket 0[core 6[hwt 0]], socket 0[core 7[hwt 0]], socket 0[core 8[hwt 0]], socket 0[core 9[hwt 0]], socket 0[core 10[hwt 0]], socket 0[core 11[hwt 0]]: [B/B/B/B/B/B/B/B/B/B/B/B][./././././././././././.][./././././././././././.][./././././././././././.]
[qp4-node-024:120831] MCW rank 13 bound to socket 1[core 12[hwt 0]], socket 1[core 13[hwt 0]], socket 1[core 14[hwt 0]], socket 1[core 15[hwt 0]], socket 1[core 16[hwt 0]], socket 1[core 17[hwt 0]], socket 1[core 18[hwt 0]], socket 1[core 19[hwt 0]], socket 1[core 20[hwt 0]], socket 1[core 21[hwt 0]], socket 1[core 22[hwt 0]], socket 1[core 23[hwt 0]]: [./././././././././././.][B/B/B/B/B/B/B/B/B/B/B/B][./././././././././././.][./././././././././././.]
[qp4-node-024:120831] MCW rank 14 bound to socket 2[core 24[hwt 0]], socket 2[core 25[hwt 0]], socket 2[core 26[hwt 0]], socket 2[core 27[hwt 0]], socket 2[core 28[hwt 0]], socket 2[core 29[hwt 0]], socket 2[core 30[hwt 0]], socket 2[core 31[hwt 0]], socket 2[core 32[hwt 0]], socket 2[core 33[hwt 0]], socket 2[core 34[hwt 0]], socket 2[core 35[hwt 0]]: [./././././././././././.][./././././././././././.][B/B/B/B/B/B/B/B/B/B/B/B][./././././././././././.]
[qp4-node-024:120831] MCW rank 15 bound to socket 3[core 36[hwt 0]], socket 3[core 37[hwt 0]], socket 3[core 38[hwt 0]], socket 3[core 39[hwt 0]], socket 3[core 40[hwt 0]], socket 3[core 41[hwt 0]], socket 3[core 42[hwt 0]], socket 3[core 43[hwt 0]], socket 3[core 44[hwt 0]], socket 3[core 45[hwt 0]], socket 3[core 46[hwt 0]], socket 3[core 47[hwt 0]]: [./././././././././././.][./././././././././././.][./././././././././././.][B/B/B/B/B/B/B/B/B/B/B/B]
[qp4-node-026:64164] MCW rank 21 bound to socket 1[core 12[hwt 0]], socket 1[core 13[hwt 0]], socket 1[core 14[hwt 0]], socket 1[core 15[hwt 0]], socket 1[core 16[hwt 0]], socket 1[core 17[hwt 0]], socket 1[core 18[hwt 0]], socket 1[core 19[hwt 0]], socket 1[core 20[hwt 0]], socket 1[core 21[hwt 0]], socket 1[core 22[hwt 0]], socket 1[core 23[hwt 0]]: [./././././././././././.][B/B/B/B/B/B/B/B/B/B/B/B][./././././././././././.][./././././././././././.]
[qp4-node-026:64164] MCW rank 22 bound to socket 2[core 24[hwt 0]], socket 2[core 25[hwt 0]], socket 2[core 26[hwt 0]], socket 2[core 27[hwt 0]], socket 2[core 28[hwt 0]], socket 2[core 29[hwt 0]], socket 2[core 30[hwt 0]], socket 2[core 31[hwt 0]], socket 2[core 32[hwt 0]], socket 2[core 33[hwt 0]], socket 2[core 34[hwt 0]], socket 2[core 35[hwt 0]]: [./././././././././././.][./././././././././././.][B/B/B/B/B/B/B/B/B/B/B/B][./././././././././././.]
[qp4-node-026:64164] MCW rank 23 bound to socket 3[core 36[hwt 0]], socket 3[core 37[hwt 0]], socket 3[core 38[hwt 0]], socket 3[core 39[hwt 0]], socket 3[core 40[hwt 0]], socket 3[core 41[hwt 0]], socket 3[core 42[hwt 0]], socket 3[core 43[hwt 0]], socket 3[core 44[hwt 0]], socket 3[core 45[hwt 0]], socket 3[core 46[hwt 0]], socket 3[core 47[hwt 0]]: [./././././././././././.][./././././././././././.][./././././././././././.][B/B/B/B/B/B/B/B/B/B/B/B]
[qp4-node-027:111578] MCW rank 24 bound to socket 0[core 0[hwt 0]], socket 0[core 1[hwt 0]], socket 0[core 2[hwt 0]], socket 0[core 3[hwt 0]], socket 0[core 4[hwt 0]], socket 0[core 5[hwt 0]], socket 0[core 6[hwt 0]], socket 0[core 7[hwt 0]], socket 0[core 8[hwt 0]], socket 0[core 9[hwt 0]], socket 0[core 10[hwt 0]], socket 0[core 11[hwt 0]]: [B/B/B/B/B/B/B/B/B/B/B/B][./././././././././././.][./././././././././././.][./././././././././././.]
[qp4-node-026:64164] MCW rank 20 bound to socket 0[core 0[hwt 0]], socket 0[core 1[hwt 0]], socket 0[core 2[hwt 0]], socket 0[core 3[hwt 0]], socket 0[core 4[hwt 0]], socket 0[core 5[hwt 0]], socket 0[core 6[hwt 0]], socket 0[core 7[hwt 0]], socket 0[core 8[hwt 0]], socket 0[core 9[hwt 0]], socket 0[core 10[hwt 0]], socket 0[core 11[hwt 0]]: [B/B/B/B/B/B/B/B/B/B/B/B][./././././././././././.][./././././././././././.][./././././././././././.]
[qp4-node-027:111578] MCW rank 25 bound to socket 1[core 12[hwt 0]], socket 1[core 13[hwt 0]], socket 1[core 14[hwt 0]], socket 1[core 15[hwt 0]], socket 1[core 16[hwt 0]], socket 1[core 17[hwt 0]], socket 1[core 18[hwt 0]], socket 1[core 19[hwt 0]], socket 1[core 20[hwt 0]], socket 1[core 21[hwt 0]], socket 1[core 22[hwt 0]], socket 1[core 23[hwt 0]]: [./././././././././././.][B/B/B/B/B/B/B/B/B/B/B/B][./././././././././././.][./././././././././././.]
[qp4-node-023:282654] MCW rank 8 bound to socket 0[core 0[hwt 0]], socket 0[core 1[hwt 0]], socket 0[core 2[hwt 0]], socket 0[core 3[hwt 0]], socket 0[core 4[hwt 0]], socket 0[core 5[hwt 0]], socket 0[core 6[hwt 0]], socket 0[core 7[hwt 0]], socket 0[core 8[hwt 0]], socket 0[core 9[hwt 0]], socket 0[core 10[hwt 0]], socket 0[core 11[hwt 0]]: [B/B/B/B/B/B/B/B/B/B/B/B][./././././././././././.][./././././././././././.][./././././././././././.]
[qp4-node-027:111578] MCW rank 26 bound to socket 2[core 24[hwt 0]], socket 2[core 25[hwt 0]], socket 2[core 26[hwt 0]], socket 2[core 27[hwt 0]], socket 2[core 28[hwt 0]], socket 2[core 29[hwt 0]], socket 2[core 30[hwt 0]], socket 2[core 31[hwt 0]], socket 2[core 32[hwt 0]], socket 2[core 33[hwt 0]], socket 2[core 34[hwt 0]], socket 2[core 35[hwt 0]]: [./././././././././././.][./././././././././././.][B/B/B/B/B/B/B/B/B/B/B/B][./././././././././././.]
[qp4-node-027:111578] MCW rank 27 bound to socket 3[core 36[hwt 0]], socket 3[core 37[hwt 0]], socket 3[core 38[hwt 0]], socket 3[core 39[hwt 0]], socket 3[core 40[hwt 0]], socket 3[core 41[hwt 0]], socket 3[core 42[hwt 0]], socket 3[core 43[hwt 0]], socket 3[core 44[hwt 0]], socket 3[core 45[hwt 0]], socket 3[core 46[hwt 0]], socket 3[core 47[hwt 0]]: [./././././././././././.][./././././././././././.][./././././././././././.][B/B/B/B/B/B/B/B/B/B/B/B]
[qp4-node-023:282654] MCW rank 9 bound to socket 1[core 12[hwt 0]], socket 1[core 13[hwt 0]], socket 1[core 14[hwt 0]], socket 1[core 15[hwt 0]], socket 1[core 16[hwt 0]], socket 1[core 17[hwt 0]], socket 1[core 18[hwt 0]], socket 1[core 19[hwt 0]], socket 1[core 20[hwt 0]], socket 1[core 21[hwt 0]], socket 1[core 22[hwt 0]], socket 1[core 23[hwt 0]]: [./././././././././././.][B/B/B/B/B/B/B/B/B/B/B/B][./././././././././././.][./././././././././././.]
[qp4-node-023:282654] MCW rank 10 bound to socket 2[core 24[hwt 0]], socket 2[core 25[hwt 0]], socket 2[core 26[hwt 0]], socket 2[core 27[hwt 0]], socket 2[core 28[hwt 0]], socket 2[core 29[hwt 0]], socket 2[core 30[hwt 0]], socket 2[core 31[hwt 0]], socket 2[core 32[hwt 0]], socket 2[core 33[hwt 0]], socket 2[core 34[hwt 0]], socket 2[core 35[hwt 0]]: [./././././././././././.][./././././././././././.][B/B/B/B/B/B/B/B/B/B/B/B][./././././././././././.]
[qp4-node-022:226635] MCW rank 7 bound to socket 3[core 36[hwt 0]], socket 3[core 37[hwt 0]], socket 3[core 38[hwt 0]], socket 3[core 39[hwt 0]], socket 3[core 40[hwt 0]], socket 3[core 41[hwt 0]], socket 3[core 42[hwt 0]], socket 3[core 43[hwt 0]], socket 3[core 44[hwt 0]], socket 3[core 45[hwt 0]], socket 3[core 46[hwt 0]], socket 3[core 47[hwt 0]]: [./././././././././././.][./././././././././././.][./././././././././././.][B/B/B/B/B/B/B/B/B/B/B/B]
[qp4-node-023:282654] MCW rank 11 bound to socket 3[core 36[hwt 0]], socket 3[core 37[hwt 0]], socket 3[core 38[hwt 0]], socket 3[core 39[hwt 0]], socket 3[core 40[hwt 0]], socket 3[core 41[hwt 0]], socket 3[core 42[hwt 0]], socket 3[core 43[hwt 0]], socket 3[core 44[hwt 0]], socket 3[core 45[hwt 0]], socket 3[core 46[hwt 0]], socket 3[core 47[hwt 0]]: [./././././././././././.][./././././././././././.][./././././././././././.][B/B/B/B/B/B/B/B/B/B/B/B]
[qp4-node-022:226635] MCW rank 4 bound to socket 0[core 0[hwt 0]], socket 0[core 1[hwt 0]], socket 0[core 2[hwt 0]], socket 0[core 3[hwt 0]], socket 0[core 4[hwt 0]], socket 0[core 5[hwt 0]], socket 0[core 6[hwt 0]], socket 0[core 7[hwt 0]], socket 0[core 8[hwt 0]], socket 0[core 9[hwt 0]], socket 0[core 10[hwt 0]], socket 0[core 11[hwt 0]]: [B/B/B/B/B/B/B/B/B/B/B/B][./././././././././././.][./././././././././././.][./././././././././././.]
[qp4-node-022:226635] MCW rank 5 bound to socket 1[core 12[hwt 0]], socket 1[core 13[hwt 0]], socket 1[core 14[hwt 0]], socket 1[core 15[hwt 0]], socket 1[core 16[hwt 0]], socket 1[core 17[hwt 0]], socket 1[core 18[hwt 0]], socket 1[core 19[hwt 0]], socket 1[core 20[hwt 0]], socket 1[core 21[hwt 0]], socket 1[core 22[hwt 0]], socket 1[core 23[hwt 0]]: [./././././././././././.][B/B/B/B/B/B/B/B/B/B/B/B][./././././././././././.][./././././././././././.]
[qp4-node-022:226635] MCW rank 6 bound to socket 2[core 24[hwt 0]], socket 2[core 25[hwt 0]], socket 2[core 26[hwt 0]], socket 2[core 27[hwt 0]], socket 2[core 28[hwt 0]], socket 2[core 29[hwt 0]], socket 2[core 30[hwt 0]], socket 2[core 31[hwt 0]], socket 2[core 32[hwt 0]], socket 2[core 33[hwt 0]], socket 2[core 34[hwt 0]], socket 2[core 35[hwt 0]]: [./././././././././././.][./././././././././././.][B/B/B/B/B/B/B/B/B/B/B/B][./././././././././././.]
[qp4-node-025:78122] MCW rank 17 bound to socket 1[core 12[hwt 0]], socket 1[core 13[hwt 0]], socket 1[core 14[hwt 0]], socket 1[core 15[hwt 0]], socket 1[core 16[hwt 0]], socket 1[core 17[hwt 0]], socket 1[core 18[hwt 0]], socket 1[core 19[hwt 0]], socket 1[core 20[hwt 0]], socket 1[core 21[hwt 0]], socket 1[core 22[hwt 0]], socket 1[core 23[hwt 0]]: [./././././././././././.][B/B/B/B/B/B/B/B/B/B/B/B][./././././././././././.][./././././././././././.]
[qp4-node-025:78122] MCW rank 18 bound to socket 2[core 24[hwt 0]], socket 2[core 25[hwt 0]], socket 2[core 26[hwt 0]], socket 2[core 27[hwt 0]], socket 2[core 28[hwt 0]], socket 2[core 29[hwt 0]], socket 2[core 30[hwt 0]], socket 2[core 31[hwt 0]], socket 2[core 32[hwt 0]], socket 2[core 33[hwt 0]], socket 2[core 34[hwt 0]], socket 2[core 35[hwt 0]]: [./././././././././././.][./././././././././././.][B/B/B/B/B/B/B/B/B/B/B/B][./././././././././././.]
[qp4-node-025:78122] MCW rank 19 bound to socket 3[core 36[hwt 0]], socket 3[core 37[hwt 0]], socket 3[core 38[hwt 0]], socket 3[core 39[hwt 0]], socket 3[core 40[hwt 0]], socket 3[core 41[hwt 0]], socket 3[core 42[hwt 0]], socket 3[core 43[hwt 0]], socket 3[core 44[hwt 0]], socket 3[core 45[hwt 0]], socket 3[core 46[hwt 0]], socket 3[core 47[hwt 0]]: [./././././././././././.][./././././././././././.][./././././././././././.][B/B/B/B/B/B/B/B/B/B/B/B]
[qp4-node-025:78122] MCW rank 16 bound to socket 0[core 0[hwt 0]], socket 0[core 1[hwt 0]], socket 0[core 2[hwt 0]], socket 0[core 3[hwt 0]], socket 0[core 4[hwt 0]], socket 0[core 5[hwt 0]], socket 0[core 6[hwt 0]], socket 0[core 7[hwt 0]], socket 0[core 8[hwt 0]], socket 0[core 9[hwt 0]], socket 0[core 10[hwt 0]], socket 0[core 11[hwt 0]]: [B/B/B/B/B/B/B/B/B/B/B/B][./././././././././././.][./././././././././././.][./././././././././././.]
[qp4-node-024:120837:0:120841] Caught signal 11 (Segmentation fault: address not mapped to object at address 0x400001109800)
[qp4-node-028:45291:0:45296] Caught signal 11 (Segmentation fault: address not mapped to object at address 0x400001109800)
[qp4-node-024:120834:0:120839] Caught signal 11 (Segmentation fault: address not mapped to object at address 0x400001109800)
[qp4-node-028:45294:0:45298] Caught signal 11 (Segmentation fault: address not mapped to object at address 0x400001109800)
[qp4-node-025:78128:0:78137] Caught signal 11 (Segmentation fault: address not mapped to object at address 0x400001109800)
[qp4-node-025:78135:0:78139] Caught signal 11 (Segmentation fault: address not mapped to object at address 0x400001109800)
[qp4-node-021:243626:0:243632] Caught signal 11 (Segmentation fault: address not mapped to object at address 0x400001109800)
[qp4-node-021:243631:0:243636] Caught signal 11 (Segmentation fault: address not mapped to object at address 0x400001109800)
[qp4-node-023:282660:0:282668] Caught signal 11 (Segmentation fault: address not mapped to object at address 0x400001109800)
[qp4-node-023:282666:0:282670] Caught signal 11 (Segmentation fault: address not mapped to object at address 0x400001109800)
[qp4-node-028:45292:0:45295] Caught signal 11 (Segmentation fault: address not mapped to object at address 0x400001109800)
[qp4-node-022:226641:0:226650] Caught signal 11 (Segmentation fault: address not mapped to object at address 0x400001109800)
[qp4-node-027:111590:0:111594] Caught signal 11 (Segmentation fault: address not mapped to object at address 0x400001109800)
[qp4-node-027:111584:0:111592] Caught signal 11 (Segmentation fault: address not mapped to object at address 0x400001109800)
[qp4-node-026:64176:0:64180] Caught signal 11 (Segmentation fault: address not mapped to object at address 0x400001109800)
[qp4-node-026:64170:0:64178] Caught signal 11 (Segmentation fault: address not mapped to object at address 0x400001109800)
[qp4-node-025:78134:0:78138] Caught signal 11 (Segmentation fault: address not mapped to object at address 0x400001109800)
[qp4-node-022:226648:0:226652] Caught signal 11 (Segmentation fault: address not mapped to object at address 0x400001109800)
[qp4-node-028:45293:0:45297] Caught signal 11 (Segmentation fault: address not mapped to object at address 0x400001109800)
[qp4-node-022:226645:0:226649] Caught signal 11 (Segmentation fault: address not mapped to object at address 0x400001109800)
[qp4-node-024:120836:0:120840] Caught signal 11 (Segmentation fault: address not mapped to object at address 0x400001109800)
[qp4-node-024:120835:0:120838] Caught signal 11 (Segmentation fault: address not mapped to object at address 0x400001109800)
[qp4-node-025:78132:0:78136] Caught signal 11 (Segmentation fault: address not mapped to object at address 0x400001109800)
[qp4-node-021:243629:0:243633] Caught signal 11 (Segmentation fault: address not mapped to object at address 0x400001109800)
[qp4-node-021:243630:0:243634] Caught signal 11 (Segmentation fault: address not mapped to object at address 0x400001109800)
[qp4-node-023:282665:0:282669] Caught signal 11 (Segmentation fault: address not mapped to object at address 0x400001109800)
[qp4-node-023:282664:0:282667] Caught signal 11 (Segmentation fault: address not mapped to object at address 0x400001109800)
[qp4-node-027:111588:0:111591] Caught signal 11 (Segmentation fault: address not mapped to object at address 0x400001109800)
[qp4-node-027:111589:0:111593] Caught signal 11 (Segmentation fault: address not mapped to object at address 0x400001109800)
[qp4-node-022:226647:0:226651] Caught signal 11 (Segmentation fault: address not mapped to object at address 0x400001109800)
[qp4-node-026:64174:0:64177] Caught signal 11 (Segmentation fault: address not mapped to object at address 0x400001109800)
[qp4-node-026:64175:0:64179] Caught signal 11 (Segmentation fault: address not mapped to object at address 0x400001109800)
--------------------------------------------------------------------------
Primary job  terminated normally, but 1 process returned
a non-zero exit code. Per user-direction, the job has been aborted.
--------------------------------------------------------------------------
--------------------------------------------------------------------------
mpirun noticed that process rank 17 with PID 78132 on node qp4-node-025 exited on signal 11 (Segmentation fault).
--------------------------------------------------------------------------
7 total processes killed (some possibly by mpirun during cleanup)
